{"/home/daniil/project/nuxt-now/components/Alert.vue": {"path":"/home/daniil/project/nuxt-now/components/Alert.vue","statementMap":{"0":{"start":{"line":8,"column":0},"end":{"line":17,"column":null}},"1":{"start":{"line":9,"column":0},"end":{"line":9,"column":null}},"2":{"start":{"line":13,"column":0},"end":{"line":13,"column":null}},"3":{"start":{"line":1,"column":0},"end":{"line":1,"column":null}}},"fnMap":{"0":{"name":"(anonymous_0)","decl":{"start":{"line":7,"column":0},"end":{"line":7,"column":null}},"loc":{"start":{"line":7,"column":0},"end":{"line":18,"column":null}}},"1":{"name":"(anonymous_1)","decl":{"start":{"line":8,"column":0},"end":{"line":8,"column":null}},"loc":{"start":{"line":8,"column":0},"end":{"line":12,"column":null}}},"2":{"name":"(anonymous_2)","decl":{"start":{"line":12,"column":0},"end":{"line":12,"column":null}},"loc":{"start":{"line":12,"column":0},"end":{"line":17,"column":null}}},"3":{"name":"(anonymous_3)","decl":{"start":{"line":1,"column":0},"end":{"line":1,"column":null}},"loc":{"start":{"line":1,"column":0},"end":{"line":1,"column":null}}}},"branchMap":{},"s":{"0":0,"1":0,"2":0,"3":0},"f":{"0":0,"1":0,"2":0,"3":0},"b":{}}
,"/home/daniil/project/nuxt-now/components/Group.vue": {"path":"/home/daniil/project/nuxt-now/components/Group.vue","statementMap":{"0":{"start":{"line":1,"column":0},"end":{"line":1,"column":null}}},"fnMap":{"0":{"name":"(anonymous_0)","decl":{"start":{"line":1,"column":0},"end":{"line":1,"column":null}},"loc":{"start":{"line":1,"column":0},"end":{"line":1,"column":null}}}},"branchMap":{},"s":{"0":0},"f":{"0":0},"b":{}}
,"/home/daniil/project/nuxt-now/components/LoginInHeader.vue": {"path":"/home/daniil/project/nuxt-now/components/LoginInHeader.vue","statementMap":{"0":{"start":{"line":28,"column":0},"end":{"line":28,"column":null}},"1":{"start":{"line":34,"column":0},"end":{"line":34,"column":null}},"2":{"start":{"line":35,"column":0},"end":{"line":35,"column":null}},"3":{"start":{"line":38,"column":0},"end":{"line":38,"column":null}},"4":{"start":{"line":1,"column":0},"end":{"line":1,"column":null}}},"fnMap":{"0":{"name":"(anonymous_0)","decl":{"start":{"line":26,"column":0},"end":{"line":26,"column":null}},"loc":{"start":{"line":26,"column":0},"end":{"line":29,"column":null}}},"1":{"name":"(anonymous_1)","decl":{"start":{"line":33,"column":0},"end":{"line":33,"column":null}},"loc":{"start":{"line":33,"column":0},"end":{"line":36,"column":null}}},"2":{"name":"(anonymous_2)","decl":{"start":{"line":37,"column":0},"end":{"line":37,"column":null}},"loc":{"start":{"line":37,"column":0},"end":{"line":39,"column":null}}},"3":{"name":"(anonymous_3)","decl":{"start":{"line":1,"column":0},"end":{"line":1,"column":null}},"loc":{"start":{"line":1,"column":0},"end":{"line":1,"column":null}}}},"branchMap":{"0":{"loc":{"start":{"line":1,"column":0},"end":{"line":1,"column":null}},"type":"cond-expr","locations":[{"start":{"line":1,"column":0},"end":{"line":1,"column":null}},{"start":{"line":1,"column":0},"end":{"line":1,"column":null}}]}},"s":{"0":0,"1":0,"2":0,"3":0,"4":0},"f":{"0":0,"1":0,"2":0,"3":0},"b":{"0":[0,0]}}
,"/home/daniil/project/nuxt-now/components/Navbar.vue": {"path":"/home/daniil/project/nuxt-now/components/Navbar.vue","statementMap":{"0":{"start":{"line":23,"column":0},"end":{"line":23,"column":null}},"1":{"start":{"line":27,"column":0},"end":{"line":27,"column":null}},"2":{"start":{"line":1,"column":0},"end":{"line":1,"column":null}}},"fnMap":{"0":{"name":"(anonymous_0)","decl":{"start":{"line":22,"column":0},"end":{"line":22,"column":null}},"loc":{"start":{"line":22,"column":0},"end":{"line":24,"column":null}}},"1":{"name":"(anonymous_1)","decl":{"start":{"line":26,"column":0},"end":{"line":26,"column":null}},"loc":{"start":{"line":26,"column":0},"end":{"line":28,"column":null}}},"2":{"name":"(anonymous_2)","decl":{"start":{"line":1,"column":0},"end":{"line":1,"column":null}},"loc":{"start":{"line":1,"column":0},"end":{"line":1,"column":null}}}},"branchMap":{},"s":{"0":0,"1":0,"2":0},"f":{"0":0,"1":0,"2":0},"b":{}}
,"/home/daniil/project/nuxt-now/components/Test.vue": {"path":"/home/daniil/project/nuxt-now/components/Test.vue","statementMap":{"0":{"start":{"line":21,"column":0},"end":{"line":21,"column":null}},"1":{"start":{"line":22,"column":0},"end":{"line":22,"column":null}},"2":{"start":{"line":29,"column":0},"end":{"line":29,"column":null}},"3":{"start":{"line":30,"column":0},"end":{"line":30,"column":null}},"4":{"start":{"line":36,"column":0},"end":{"line":36,"column":null}},"5":{"start":{"line":1,"column":0},"end":{"line":1,"column":null}}},"fnMap":{"0":{"name":"(anonymous_0)","decl":{"start":{"line":20,"column":0},"end":{"line":20,"column":null}},"loc":{"start":{"line":20,"column":0},"end":{"line":26,"column":null}}},"1":{"name":"(anonymous_1)","decl":{"start":{"line":27,"column":0},"end":{"line":27,"column":null}},"loc":{"start":{"line":27,"column":0},"end":{"line":33,"column":null}}},"2":{"name":"(anonymous_2)","decl":{"start":{"line":35,"column":0},"end":{"line":35,"column":null}},"loc":{"start":{"line":35,"column":0},"end":{"line":39,"column":null}}},"3":{"name":"(anonymous_3)","decl":{"start":{"line":1,"column":0},"end":{"line":1,"column":null}},"loc":{"start":{"line":1,"column":0},"end":{"line":1,"column":null}}}},"branchMap":{"0":{"loc":{"start":{"line":1,"column":0},"end":{"line":1,"column":null}},"type":"cond-expr","locations":[{"start":{"line":1,"column":0},"end":{"line":1,"column":null}},{"start":{"line":1,"column":0},"end":{"line":1,"column":null}}]}},"s":{"0":0,"1":0,"2":0,"3":0,"4":0,"5":0},"f":{"0":0,"1":0,"2":0,"3":0},"b":{"0":[0,0]}}
,"/home/daniil/project/nuxt-now/components/TestReport.vue": {"path":"/home/daniil/project/nuxt-now/components/TestReport.vue","statementMap":{"0":{"start":{"line":1,"column":0},"end":{"line":1,"column":null}}},"fnMap":{"0":{"name":"(anonymous_0)","decl":{"start":{"line":1,"column":0},"end":{"line":1,"column":null}},"loc":{"start":{"line":1,"column":0},"end":{"line":1,"column":null}}}},"branchMap":{"0":{"loc":{"start":{"line":1,"column":0},"end":{"line":1,"column":null}},"type":"cond-expr","locations":[{"start":{"line":1,"column":0},"end":{"line":1,"column":null}},{"start":{"line":1,"column":0},"end":{"line":1,"column":null}}]}},"s":{"0":0},"f":{"0":0},"b":{"0":[0,0]}}
,"/home/daniil/project/nuxt-now/components/TreeButtonGroups.vue": {"path":"/home/daniil/project/nuxt-now/components/TreeButtonGroups.vue","statementMap":{"0":{"start":{"line":23,"column":0},"end":{"line":23,"column":null}},"1":{"start":{"line":30,"column":0},"end":{"line":30,"column":null}},"2":{"start":{"line":1,"column":0},"end":{"line":1,"column":null}}},"fnMap":{"0":{"name":"(anonymous_0)","decl":{"start":{"line":22,"column":0},"end":{"line":22,"column":null}},"loc":{"start":{"line":22,"column":0},"end":{"line":27,"column":null}}},"1":{"name":"(anonymous_1)","decl":{"start":{"line":29,"column":0},"end":{"line":29,"column":null}},"loc":{"start":{"line":29,"column":0},"end":{"line":31,"column":null}}},"2":{"name":"(anonymous_2)","decl":{"start":{"line":1,"column":0},"end":{"line":1,"column":null}},"loc":{"start":{"line":1,"column":0},"end":{"line":1,"column":null}}}},"branchMap":{"0":{"loc":{"start":{"line":1,"column":0},"end":{"line":1,"column":null}},"type":"cond-expr","locations":[{"start":{"line":1,"column":0},"end":{"line":1,"column":null}},{"start":{"line":1,"column":0},"end":{"line":1,"column":null}}]}},"s":{"0":0,"1":0,"2":0},"f":{"0":0,"1":0,"2":0},"b":{"0":[0,0]}}
,"/home/daniil/project/nuxt-now/components/blockoftests/Test.vue": {"path":"/home/daniil/project/nuxt-now/components/blockoftests/Test.vue","statementMap":{"0":{"start":{"line":1,"column":0},"end":{"line":1,"column":null}}},"fnMap":{"0":{"name":"(anonymous_0)","decl":{"start":{"line":1,"column":0},"end":{"line":1,"column":null}},"loc":{"start":{"line":1,"column":0},"end":{"line":1,"column":null}}}},"branchMap":{},"s":{"0":0},"f":{"0":0},"b":{}}
,"/home/daniil/project/nuxt-now/components/programming/AttempsTable.vue": {"path":"/home/daniil/project/nuxt-now/components/programming/AttempsTable.vue","statementMap":{"0":{"start":{"line":60,"column":0},"end":{"line":60,"column":null}},"1":{"start":{"line":67,"column":0},"end":{"line":75,"column":null}},"2":{"start":{"line":68,"column":0},"end":{"line":68,"column":null}},"3":{"start":{"line":70,"column":0},"end":{"line":74,"column":null}},"4":{"start":{"line":71,"column":0},"end":{"line":73,"column":null}},"5":{"start":{"line":72,"column":0},"end":{"line":72,"column":null}},"6":{"start":{"line":73,"column":0},"end":{"line":73,"column":null}},"7":{"start":{"line":78,"column":0},"end":{"line":87,"column":null}},"8":{"start":{"line":79,"column":0},"end":{"line":79,"column":null}},"9":{"start":{"line":80,"column":0},"end":{"line":87,"column":null}},"10":{"start":{"line":81,"column":0},"end":{"line":81,"column":null}},"11":{"start":{"line":84,"column":0},"end":{"line":85,"column":null}},"12":{"start":{"line":84,"column":0},"end":{"line":84,"column":null}},"13":{"start":{"line":85,"column":0},"end":{"line":85,"column":null}},"14":{"start":{"line":90,"column":0},"end":{"line":94,"column":null}},"15":{"start":{"line":91,"column":0},"end":{"line":91,"column":null}},"16":{"start":{"line":93,"column":0},"end":{"line":93,"column":null}},"17":{"start":{"line":98,"column":0},"end":{"line":98,"column":null}},"18":{"start":{"line":1,"column":0},"end":{"line":1,"column":null}}},"fnMap":{"0":{"name":"(anonymous_0)","decl":{"start":{"line":59,"column":0},"end":{"line":59,"column":null}},"loc":{"start":{"line":59,"column":0},"end":{"line":63,"column":null}}},"1":{"name":"(anonymous_1)","decl":{"start":{"line":66,"column":0},"end":{"line":66,"column":null}},"loc":{"start":{"line":66,"column":0},"end":{"line":76,"column":null}}},"2":{"name":"(anonymous_2)","decl":{"start":{"line":77,"column":0},"end":{"line":77,"column":null}},"loc":{"start":{"line":77,"column":0},"end":{"line":88,"column":null}}},"3":{"name":"(anonymous_3)","decl":{"start":{"line":89,"column":0},"end":{"line":89,"column":null}},"loc":{"start":{"line":89,"column":0},"end":{"line":95,"column":null}}},"4":{"name":"(anonymous_4)","decl":{"start":{"line":97,"column":0},"end":{"line":97,"column":null}},"loc":{"start":{"line":97,"column":0},"end":{"line":99,"column":null}}},"5":{"name":"(anonymous_5)","decl":{"start":{"line":1,"column":0},"end":{"line":1,"column":null}},"loc":{"start":{"line":1,"column":0},"end":{"line":1,"column":null}}}},"branchMap":{"0":{"loc":{"start":{"line":67,"column":0},"end":{"line":75,"column":null}},"type":"if","locations":[{"start":{"line":67,"column":0},"end":{"line":75,"column":null}},{"start":{"line":67,"column":0},"end":{"line":75,"column":null}}]},"1":{"loc":{"start":{"line":67,"column":0},"end":{"line":67,"column":null}},"type":"binary-expr","locations":[{"start":{"line":67,"column":0},"end":{"line":67,"column":null}},{"start":{"line":67,"column":0},"end":{"line":67,"column":null}}]},"2":{"loc":{"start":{"line":70,"column":0},"end":{"line":74,"column":null}},"type":"if","locations":[{"start":{"line":70,"column":0},"end":{"line":74,"column":null}},{"start":{"line":70,"column":0},"end":{"line":74,"column":null}}]},"3":{"loc":{"start":{"line":71,"column":0},"end":{"line":73,"column":null}},"type":"if","locations":[{"start":{"line":71,"column":0},"end":{"line":73,"column":null}},{"start":{"line":71,"column":0},"end":{"line":73,"column":null}}]},"4":{"loc":{"start":{"line":71,"column":0},"end":{"line":71,"column":null}},"type":"binary-expr","locations":[{"start":{"line":71,"column":0},"end":{"line":71,"column":null}},{"start":{"line":71,"column":0},"end":{"line":71,"column":null}},{"start":{"line":71,"column":0},"end":{"line":71,"column":null}}]},"5":{"loc":{"start":{"line":78,"column":0},"end":{"line":87,"column":null}},"type":"if","locations":[{"start":{"line":78,"column":0},"end":{"line":87,"column":null}},{"start":{"line":78,"column":0},"end":{"line":87,"column":null}}]},"6":{"loc":{"start":{"line":80,"column":0},"end":{"line":87,"column":null}},"type":"if","locations":[{"start":{"line":80,"column":0},"end":{"line":87,"column":null}},{"start":{"line":80,"column":0},"end":{"line":87,"column":null}}]},"7":{"loc":{"start":{"line":84,"column":0},"end":{"line":85,"column":null}},"type":"if","locations":[{"start":{"line":84,"column":0},"end":{"line":85,"column":null}},{"start":{"line":84,"column":0},"end":{"line":85,"column":null}}]},"8":{"loc":{"start":{"line":84,"column":0},"end":{"line":84,"column":null}},"type":"binary-expr","locations":[{"start":{"line":84,"column":0},"end":{"line":84,"column":null}},{"start":{"line":84,"column":0},"end":{"line":84,"column":null}}]},"9":{"loc":{"start":{"line":90,"column":0},"end":{"line":94,"column":null}},"type":"if","locations":[{"start":{"line":90,"column":0},"end":{"line":94,"column":null}},{"start":{"line":90,"column":0},"end":{"line":94,"column":null}}]},"10":{"loc":{"start":{"line":1,"column":0},"end":{"line":1,"column":null}},"type":"cond-expr","locations":[{"start":{"line":1,"column":0},"end":{"line":1,"column":null}},{"start":{"line":1,"column":0},"end":{"line":1,"column":null}}]},"11":{"loc":{"start":{"line":1,"column":0},"end":{"line":1,"column":null}},"type":"binary-expr","locations":[{"start":{"line":1,"column":0},"end":{"line":1,"column":null}},{"start":{"line":1,"column":0},"end":{"line":1,"column":null}},{"start":{"line":1,"column":0},"end":{"line":1,"column":null}},{"start":{"line":1,"column":0},"end":{"line":1,"column":null}}]}},"s":{"0":0,"1":0,"2":0,"3":0,"4":0,"5":0,"6":0,"7":0,"8":0,"9":0,"10":0,"11":0,"12":0,"13":0,"14":0,"15":0,"16":0,"17":0,"18":0},"f":{"0":0,"1":0,"2":0,"3":0,"4":0,"5":0},"b":{"0":[0,0],"1":[0,0],"2":[0,0],"3":[0,0],"4":[0,0,0],"5":[0,0],"6":[0,0],"7":[0,0],"8":[0,0],"9":[0,0],"10":[0,0],"11":[0,0,0,0]}}
,"/home/daniil/project/nuxt-now/components/programming/CreateInputPage.vue": {"path":"/home/daniil/project/nuxt-now/components/programming/CreateInputPage.vue","statementMap":{"0":{"start":{"line":58,"column":0},"end":{"line":58,"column":null}},"1":{"start":{"line":78,"column":0},"end":{"line":78,"column":null}},"2":{"start":{"line":82,"column":0},"end":{"line":82,"column":null}},"3":{"start":{"line":85,"column":0},"end":{"line":87,"column":null}},"4":{"start":{"line":86,"column":0},"end":{"line":86,"column":null}},"5":{"start":{"line":88,"column":0},"end":{"line":88,"column":null}},"6":{"start":{"line":93,"column":0},"end":{"line":93,"column":null}},"7":{"start":{"line":94,"column":0},"end":{"line":94,"column":null}},"8":{"start":{"line":98,"column":0},"end":{"line":98,"column":null}},"9":{"start":{"line":101,"column":0},"end":{"line":101,"column":null}},"10":{"start":{"line":105,"column":0},"end":{"line":105,"column":null}},"11":{"start":{"line":112,"column":0},"end":{"line":112,"column":null}},"12":{"start":{"line":113,"column":0},"end":{"line":113,"column":null}},"13":{"start":{"line":114,"column":0},"end":{"line":114,"column":null}},"14":{"start":{"line":117,"column":0},"end":{"line":124,"column":null}},"15":{"start":{"line":118,"column":0},"end":{"line":118,"column":null}},"16":{"start":{"line":122,"column":0},"end":{"line":122,"column":null}},"17":{"start":{"line":127,"column":0},"end":{"line":127,"column":null}},"18":{"start":{"line":130,"column":0},"end":{"line":130,"column":null}},"19":{"start":{"line":131,"column":0},"end":{"line":131,"column":null}},"20":{"start":{"line":132,"column":0},"end":{"line":138,"column":null}},"21":{"start":{"line":133,"column":0},"end":{"line":133,"column":null}},"22":{"start":{"line":135,"column":0},"end":{"line":137,"column":null}},"23":{"start":{"line":136,"column":0},"end":{"line":136,"column":null}},"24":{"start":{"line":139,"column":0},"end":{"line":141,"column":null}},"25":{"start":{"line":140,"column":0},"end":{"line":140,"column":null}},"26":{"start":{"line":144,"column":0},"end":{"line":144,"column":null}},"27":{"start":{"line":150,"column":0},"end":{"line":152,"column":null}},"28":{"start":{"line":151,"column":0},"end":{"line":151,"column":null}},"29":{"start":{"line":1,"column":0},"end":{"line":1,"column":null}}},"fnMap":{"0":{"name":"(anonymous_0)","decl":{"start":{"line":57,"column":0},"end":{"line":57,"column":null}},"loc":{"start":{"line":57,"column":0},"end":{"line":75,"column":null}}},"1":{"name":"(anonymous_1)","decl":{"start":{"line":77,"column":0},"end":{"line":77,"column":null}},"loc":{"start":{"line":77,"column":0},"end":{"line":80,"column":null}}},"2":{"name":"(anonymous_2)","decl":{"start":{"line":81,"column":0},"end":{"line":81,"column":null}},"loc":{"start":{"line":81,"column":0},"end":{"line":83,"column":null}}},"3":{"name":"(anonymous_3)","decl":{"start":{"line":84,"column":0},"end":{"line":84,"column":null}},"loc":{"start":{"line":84,"column":0},"end":{"line":89,"column":null}}},"4":{"name":"(anonymous_4)","decl":{"start":{"line":92,"column":0},"end":{"line":92,"column":null}},"loc":{"start":{"line":92,"column":0},"end":{"line":95,"column":null}}},"5":{"name":"(anonymous_5)","decl":{"start":{"line":97,"column":0},"end":{"line":97,"column":null}},"loc":{"start":{"line":97,"column":0},"end":{"line":99,"column":null}}},"6":{"name":"(anonymous_6)","decl":{"start":{"line":100,"column":0},"end":{"line":100,"column":null}},"loc":{"start":{"line":100,"column":0},"end":{"line":102,"column":null}}},"7":{"name":"(anonymous_7)","decl":{"start":{"line":104,"column":0},"end":{"line":104,"column":null}},"loc":{"start":{"line":104,"column":0},"end":{"line":115,"column":null}}},"8":{"name":"(anonymous_8)","decl":{"start":{"line":116,"column":0},"end":{"line":116,"column":null}},"loc":{"start":{"line":116,"column":0},"end":{"line":125,"column":null}}},"9":{"name":"(anonymous_9)","decl":{"start":{"line":126,"column":0},"end":{"line":126,"column":null}},"loc":{"start":{"line":126,"column":0},"end":{"line":142,"column":null}}},"10":{"name":"(anonymous_10)","decl":{"start":{"line":130,"column":0},"end":{"line":130,"column":null}},"loc":{"start":{"line":130,"column":0},"end":{"line":130,"column":null}}},"11":{"name":"(anonymous_11)","decl":{"start":{"line":143,"column":0},"end":{"line":143,"column":null}},"loc":{"start":{"line":143,"column":0},"end":{"line":148,"column":null}}},"12":{"name":"(anonymous_12)","decl":{"start":{"line":149,"column":0},"end":{"line":149,"column":null}},"loc":{"start":{"line":149,"column":0},"end":{"line":153,"column":null}}},"13":{"name":"(anonymous_13)","decl":{"start":{"line":1,"column":0},"end":{"line":1,"column":null}},"loc":{"start":{"line":1,"column":0},"end":{"line":1,"column":null}}}},"branchMap":{"0":{"loc":{"start":{"line":78,"column":0},"end":{"line":78,"column":null}},"type":"if","locations":[{"start":{"line":78,"column":0},"end":{"line":78,"column":null}},{"start":{"line":78,"column":0},"end":{"line":78,"column":null}}]},"1":{"loc":{"start":{"line":85,"column":0},"end":{"line":87,"column":null}},"type":"if","locations":[{"start":{"line":85,"column":0},"end":{"line":87,"column":null}},{"start":{"line":85,"column":0},"end":{"line":87,"column":null}}]},"2":{"loc":{"start":{"line":86,"column":0},"end":{"line":86,"column":null}},"type":"if","locations":[{"start":{"line":86,"column":0},"end":{"line":86,"column":null}},{"start":{"line":86,"column":0},"end":{"line":86,"column":null}}]},"3":{"loc":{"start":{"line":117,"column":0},"end":{"line":124,"column":null}},"type":"if","locations":[{"start":{"line":117,"column":0},"end":{"line":124,"column":null}},{"start":{"line":117,"column":0},"end":{"line":124,"column":null}}]},"4":{"loc":{"start":{"line":130,"column":0},"end":{"line":130,"column":null}},"type":"binary-expr","locations":[{"start":{"line":130,"column":0},"end":{"line":130,"column":null}},{"start":{"line":130,"column":0},"end":{"line":130,"column":null}}]},"5":{"loc":{"start":{"line":132,"column":0},"end":{"line":138,"column":null}},"type":"if","locations":[{"start":{"line":132,"column":0},"end":{"line":138,"column":null}},{"start":{"line":132,"column":0},"end":{"line":138,"column":null}}]},"6":{"loc":{"start":{"line":135,"column":0},"end":{"line":137,"column":null}},"type":"if","locations":[{"start":{"line":135,"column":0},"end":{"line":137,"column":null}},{"start":{"line":135,"column":0},"end":{"line":137,"column":null}}]},"7":{"loc":{"start":{"line":139,"column":0},"end":{"line":141,"column":null}},"type":"if","locations":[{"start":{"line":139,"column":0},"end":{"line":141,"column":null}},{"start":{"line":139,"column":0},"end":{"line":141,"column":null}}]},"8":{"loc":{"start":{"line":150,"column":0},"end":{"line":152,"column":null}},"type":"if","locations":[{"start":{"line":150,"column":0},"end":{"line":152,"column":null}},{"start":{"line":150,"column":0},"end":{"line":152,"column":null}}]},"9":{"loc":{"start":{"line":151,"column":0},"end":{"line":151,"column":null}},"type":"if","locations":[{"start":{"line":151,"column":0},"end":{"line":151,"column":null}},{"start":{"line":151,"column":0},"end":{"line":151,"column":null}}]},"10":{"loc":{"start":{"line":1,"column":0},"end":{"line":1,"column":null}},"type":"cond-expr","locations":[{"start":{"line":1,"column":0},"end":{"line":1,"column":null}},{"start":{"line":1,"column":0},"end":{"line":1,"column":null}}]}},"s":{"0":0,"1":0,"2":0,"3":0,"4":0,"5":0,"6":0,"7":0,"8":0,"9":0,"10":0,"11":0,"12":0,"13":0,"14":0,"15":0,"16":0,"17":0,"18":0,"19":0,"20":0,"21":0,"22":0,"23":0,"24":0,"25":0,"26":0,"27":0,"28":0,"29":0},"f":{"0":0,"1":0,"2":0,"3":0,"4":0,"5":0,"6":0,"7":0,"8":0,"9":0,"10":0,"11":0,"12":0,"13":0},"b":{"0":[0,0],"1":[0,0],"2":[0,0],"3":[0,0],"4":[0,0],"5":[0,0],"6":[0,0],"7":[0,0],"8":[0,0],"9":[0,0],"10":[0,0]}}
,"/home/daniil/project/nuxt-now/components/programming/CreateResolve.vue": {"path":"/home/daniil/project/nuxt-now/components/programming/CreateResolve.vue","statementMap":{"0":{"start":{"line":84,"column":0},"end":{"line":84,"column":null}},"1":{"start":{"line":109,"column":0},"end":{"line":109,"column":null}},"2":{"start":{"line":110,"column":0},"end":{"line":110,"column":null}},"3":{"start":{"line":111,"column":0},"end":{"line":111,"column":null}},"4":{"start":{"line":117,"column":0},"end":{"line":117,"column":null}},"5":{"start":{"line":118,"column":0},"end":{"line":118,"column":null}},"6":{"start":{"line":119,"column":0},"end":{"line":119,"column":null}},"7":{"start":{"line":120,"column":0},"end":{"line":122,"column":null}},"8":{"start":{"line":121,"column":0},"end":{"line":121,"column":null}},"9":{"start":{"line":123,"column":0},"end":{"line":123,"column":null}},"10":{"start":{"line":124,"column":0},"end":{"line":124,"column":null}},"11":{"start":{"line":130,"column":0},"end":{"line":130,"column":null}},"12":{"start":{"line":132,"column":0},"end":{"line":132,"column":null}},"13":{"start":{"line":135,"column":0},"end":{"line":135,"column":null}},"14":{"start":{"line":139,"column":0},"end":{"line":139,"column":null}},"15":{"start":{"line":142,"column":0},"end":{"line":142,"column":null}},"16":{"start":{"line":145,"column":0},"end":{"line":145,"column":null}},"17":{"start":{"line":148,"column":0},"end":{"line":148,"column":null}},"18":{"start":{"line":151,"column":0},"end":{"line":151,"column":null}},"19":{"start":{"line":157,"column":0},"end":{"line":157,"column":null}},"20":{"start":{"line":160,"column":0},"end":{"line":160,"column":null}},"21":{"start":{"line":166,"column":0},"end":{"line":166,"column":null}},"22":{"start":{"line":172,"column":0},"end":{"line":172,"column":null}},"23":{"start":{"line":173,"column":0},"end":{"line":191,"column":null}},"24":{"start":{"line":174,"column":0},"end":{"line":174,"column":null}},"25":{"start":{"line":178,"column":0},"end":{"line":189,"column":null}},"26":{"start":{"line":179,"column":0},"end":{"line":183,"column":null}},"27":{"start":{"line":180,"column":0},"end":{"line":180,"column":null}},"28":{"start":{"line":182,"column":0},"end":{"line":182,"column":null}},"29":{"start":{"line":185,"column":0},"end":{"line":185,"column":null}},"30":{"start":{"line":186,"column":0},"end":{"line":188,"column":null}},"31":{"start":{"line":187,"column":0},"end":{"line":187,"column":null}},"32":{"start":{"line":190,"column":0},"end":{"line":190,"column":null}},"33":{"start":{"line":194,"column":0},"end":{"line":194,"column":null}},"34":{"start":{"line":197,"column":0},"end":{"line":206,"column":null}},"35":{"start":{"line":198,"column":0},"end":{"line":198,"column":null}},"36":{"start":{"line":199,"column":0},"end":{"line":206,"column":null}},"37":{"start":{"line":200,"column":0},"end":{"line":200,"column":null}},"38":{"start":{"line":202,"column":0},"end":{"line":202,"column":null}},"39":{"start":{"line":209,"column":0},"end":{"line":217,"column":null}},"40":{"start":{"line":210,"column":0},"end":{"line":210,"column":null}},"41":{"start":{"line":212,"column":0},"end":{"line":216,"column":null}},"42":{"start":{"line":213,"column":0},"end":{"line":215,"column":null}},"43":{"start":{"line":214,"column":0},"end":{"line":214,"column":null}},"44":{"start":{"line":215,"column":0},"end":{"line":215,"column":null}},"45":{"start":{"line":220,"column":0},"end":{"line":220,"column":null}},"46":{"start":{"line":226,"column":0},"end":{"line":228,"column":null}},"47":{"start":{"line":227,"column":0},"end":{"line":227,"column":null}},"48":{"start":{"line":231,"column":0},"end":{"line":231,"column":null}},"49":{"start":{"line":237,"column":0},"end":{"line":237,"column":null}},"50":{"start":{"line":1,"column":0},"end":{"line":1,"column":null}}},"fnMap":{"0":{"name":"(anonymous_0)","decl":{"start":{"line":83,"column":0},"end":{"line":83,"column":null}},"loc":{"start":{"line":83,"column":0},"end":{"line":101,"column":null}}},"1":{"name":"(anonymous_1)","decl":{"start":{"line":108,"column":0},"end":{"line":108,"column":null}},"loc":{"start":{"line":108,"column":0},"end":{"line":125,"column":null}}},"2":{"name":"(anonymous_2)","decl":{"start":{"line":129,"column":0},"end":{"line":129,"column":null}},"loc":{"start":{"line":129,"column":0},"end":{"line":133,"column":null}}},"3":{"name":"(anonymous_3)","decl":{"start":{"line":134,"column":0},"end":{"line":134,"column":null}},"loc":{"start":{"line":134,"column":0},"end":{"line":137,"column":null}}},"4":{"name":"(anonymous_4)","decl":{"start":{"line":138,"column":0},"end":{"line":138,"column":null}},"loc":{"start":{"line":138,"column":0},"end":{"line":140,"column":null}}},"5":{"name":"(anonymous_5)","decl":{"start":{"line":141,"column":0},"end":{"line":141,"column":null}},"loc":{"start":{"line":141,"column":0},"end":{"line":143,"column":null}}},"6":{"name":"(anonymous_6)","decl":{"start":{"line":144,"column":0},"end":{"line":144,"column":null}},"loc":{"start":{"line":144,"column":0},"end":{"line":146,"column":null}}},"7":{"name":"(anonymous_7)","decl":{"start":{"line":147,"column":0},"end":{"line":147,"column":null}},"loc":{"start":{"line":147,"column":0},"end":{"line":149,"column":null}}},"8":{"name":"(anonymous_8)","decl":{"start":{"line":150,"column":0},"end":{"line":150,"column":null}},"loc":{"start":{"line":150,"column":0},"end":{"line":152,"column":null}}},"9":{"name":"(anonymous_9)","decl":{"start":{"line":151,"column":0},"end":{"line":151,"column":null}},"loc":{"start":{"line":151,"column":0},"end":{"line":151,"column":null}}},"10":{"name":"(anonymous_10)","decl":{"start":{"line":156,"column":0},"end":{"line":156,"column":null}},"loc":{"start":{"line":156,"column":0},"end":{"line":158,"column":null}}},"11":{"name":"(anonymous_11)","decl":{"start":{"line":159,"column":0},"end":{"line":159,"column":null}},"loc":{"start":{"line":159,"column":0},"end":{"line":164,"column":null}}},"12":{"name":"(anonymous_12)","decl":{"start":{"line":165,"column":0},"end":{"line":165,"column":null}},"loc":{"start":{"line":165,"column":0},"end":{"line":170,"column":null}}},"13":{"name":"(anonymous_13)","decl":{"start":{"line":171,"column":0},"end":{"line":171,"column":null}},"loc":{"start":{"line":171,"column":0},"end":{"line":192,"column":null}}},"14":{"name":"(anonymous_14)","decl":{"start":{"line":172,"column":0},"end":{"line":172,"column":null}},"loc":{"start":{"line":172,"column":0},"end":{"line":172,"column":null}}},"15":{"name":"(anonymous_15)","decl":{"start":{"line":178,"column":0},"end":{"line":178,"column":null}},"loc":{"start":{"line":178,"column":0},"end":{"line":184,"column":null}}},"16":{"name":"(anonymous_16)","decl":{"start":{"line":193,"column":0},"end":{"line":193,"column":null}},"loc":{"start":{"line":193,"column":0},"end":{"line":195,"column":null}}},"17":{"name":"(anonymous_17)","decl":{"start":{"line":196,"column":0},"end":{"line":196,"column":null}},"loc":{"start":{"line":196,"column":0},"end":{"line":207,"column":null}}},"18":{"name":"(anonymous_18)","decl":{"start":{"line":208,"column":0},"end":{"line":208,"column":null}},"loc":{"start":{"line":208,"column":0},"end":{"line":218,"column":null}}},"19":{"name":"(anonymous_19)","decl":{"start":{"line":219,"column":0},"end":{"line":219,"column":null}},"loc":{"start":{"line":219,"column":0},"end":{"line":229,"column":null}}},"20":{"name":"(anonymous_20)","decl":{"start":{"line":230,"column":0},"end":{"line":230,"column":null}},"loc":{"start":{"line":230,"column":0},"end":{"line":232,"column":null}}},"21":{"name":"(anonymous_21)","decl":{"start":{"line":236,"column":0},"end":{"line":236,"column":null}},"loc":{"start":{"line":236,"column":0},"end":{"line":238,"column":null}}},"22":{"name":"(anonymous_22)","decl":{"start":{"line":1,"column":0},"end":{"line":1,"column":null}},"loc":{"start":{"line":1,"column":0},"end":{"line":1,"column":null}}}},"branchMap":{"0":{"loc":{"start":{"line":120,"column":0},"end":{"line":122,"column":null}},"type":"if","locations":[{"start":{"line":120,"column":0},"end":{"line":122,"column":null}},{"start":{"line":120,"column":0},"end":{"line":122,"column":null}}]},"1":{"loc":{"start":{"line":130,"column":0},"end":{"line":130,"column":null}},"type":"if","locations":[{"start":{"line":130,"column":0},"end":{"line":130,"column":null}},{"start":{"line":130,"column":0},"end":{"line":130,"column":null}}]},"2":{"loc":{"start":{"line":135,"column":0},"end":{"line":135,"column":null}},"type":"if","locations":[{"start":{"line":135,"column":0},"end":{"line":135,"column":null}},{"start":{"line":135,"column":0},"end":{"line":135,"column":null}}]},"3":{"loc":{"start":{"line":151,"column":0},"end":{"line":151,"column":null}},"type":"binary-expr","locations":[{"start":{"line":151,"column":0},"end":{"line":151,"column":null}},{"start":{"line":151,"column":0},"end":{"line":151,"column":null}}]},"4":{"loc":{"start":{"line":172,"column":0},"end":{"line":172,"column":null}},"type":"binary-expr","locations":[{"start":{"line":172,"column":0},"end":{"line":172,"column":null}},{"start":{"line":172,"column":0},"end":{"line":172,"column":null}}]},"5":{"loc":{"start":{"line":173,"column":0},"end":{"line":191,"column":null}},"type":"if","locations":[{"start":{"line":173,"column":0},"end":{"line":191,"column":null}},{"start":{"line":173,"column":0},"end":{"line":191,"column":null}}]},"6":{"loc":{"start":{"line":178,"column":0},"end":{"line":189,"column":null}},"type":"if","locations":[{"start":{"line":178,"column":0},"end":{"line":189,"column":null}},{"start":{"line":178,"column":0},"end":{"line":189,"column":null}}]},"7":{"loc":{"start":{"line":179,"column":0},"end":{"line":183,"column":null}},"type":"if","locations":[{"start":{"line":179,"column":0},"end":{"line":183,"column":null}},{"start":{"line":179,"column":0},"end":{"line":183,"column":null}}]},"8":{"loc":{"start":{"line":186,"column":0},"end":{"line":188,"column":null}},"type":"if","locations":[{"start":{"line":186,"column":0},"end":{"line":188,"column":null}},{"start":{"line":186,"column":0},"end":{"line":188,"column":null}}]},"9":{"loc":{"start":{"line":197,"column":0},"end":{"line":206,"column":null}},"type":"if","locations":[{"start":{"line":197,"column":0},"end":{"line":206,"column":null}},{"start":{"line":197,"column":0},"end":{"line":206,"column":null}}]},"10":{"loc":{"start":{"line":199,"column":0},"end":{"line":206,"column":null}},"type":"if","locations":[{"start":{"line":199,"column":0},"end":{"line":206,"column":null}},{"start":{"line":199,"column":0},"end":{"line":206,"column":null}}]},"11":{"loc":{"start":{"line":202,"column":0},"end":{"line":202,"column":null}},"type":"if","locations":[{"start":{"line":202,"column":0},"end":{"line":202,"column":null}},{"start":{"line":202,"column":0},"end":{"line":202,"column":null}}]},"12":{"loc":{"start":{"line":209,"column":0},"end":{"line":217,"column":null}},"type":"if","locations":[{"start":{"line":209,"column":0},"end":{"line":217,"column":null}},{"start":{"line":209,"column":0},"end":{"line":217,"column":null}}]},"13":{"loc":{"start":{"line":209,"column":0},"end":{"line":209,"column":null}},"type":"binary-expr","locations":[{"start":{"line":209,"column":0},"end":{"line":209,"column":null}},{"start":{"line":209,"column":0},"end":{"line":209,"column":null}}]},"14":{"loc":{"start":{"line":212,"column":0},"end":{"line":216,"column":null}},"type":"if","locations":[{"start":{"line":212,"column":0},"end":{"line":216,"column":null}},{"start":{"line":212,"column":0},"end":{"line":216,"column":null}}]},"15":{"loc":{"start":{"line":213,"column":0},"end":{"line":215,"column":null}},"type":"if","locations":[{"start":{"line":213,"column":0},"end":{"line":215,"column":null}},{"start":{"line":213,"column":0},"end":{"line":215,"column":null}}]},"16":{"loc":{"start":{"line":213,"column":0},"end":{"line":213,"column":null}},"type":"binary-expr","locations":[{"start":{"line":213,"column":0},"end":{"line":213,"column":null}},{"start":{"line":213,"column":0},"end":{"line":213,"column":null}},{"start":{"line":213,"column":0},"end":{"line":213,"column":null}}]},"17":{"loc":{"start":{"line":226,"column":0},"end":{"line":228,"column":null}},"type":"if","locations":[{"start":{"line":226,"column":0},"end":{"line":228,"column":null}},{"start":{"line":226,"column":0},"end":{"line":228,"column":null}}]},"18":{"loc":{"start":{"line":231,"column":0},"end":{"line":231,"column":null}},"type":"if","locations":[{"start":{"line":231,"column":0},"end":{"line":231,"column":null}},{"start":{"line":231,"column":0},"end":{"line":231,"column":null}}]},"19":{"loc":{"start":{"line":1,"column":0},"end":{"line":1,"column":null}},"type":"cond-expr","locations":[{"start":{"line":1,"column":0},"end":{"line":1,"column":null}},{"start":{"line":1,"column":0},"end":{"line":1,"column":null}}]}},"s":{"0":0,"1":0,"2":0,"3":0,"4":0,"5":0,"6":0,"7":0,"8":0,"9":0,"10":0,"11":0,"12":0,"13":0,"14":0,"15":0,"16":0,"17":0,"18":0,"19":0,"20":0,"21":0,"22":0,"23":0,"24":0,"25":0,"26":0,"27":0,"28":0,"29":0,"30":0,"31":0,"32":0,"33":0,"34":0,"35":0,"36":0,"37":0,"38":0,"39":0,"40":0,"41":0,"42":0,"43":0,"44":0,"45":0,"46":0,"47":0,"48":0,"49":0,"50":0},"f":{"0":0,"1":0,"2":0,"3":0,"4":0,"5":0,"6":0,"7":0,"8":0,"9":0,"10":0,"11":0,"12":0,"13":0,"14":0,"15":0,"16":0,"17":0,"18":0,"19":0,"20":0,"21":0,"22":0},"b":{"0":[0,0],"1":[0,0],"2":[0,0],"3":[0,0],"4":[0,0],"5":[0,0],"6":[0,0],"7":[0,0],"8":[0,0],"9":[0,0],"10":[0,0],"11":[0,0],"12":[0,0],"13":[0,0],"14":[0,0],"15":[0,0],"16":[0,0,0],"17":[0,0],"18":[0,0],"19":[0,0]}}
,"/home/daniil/project/nuxt-now/components/programming/InputProgram.vue": {"path":"/home/daniil/project/nuxt-now/components/programming/InputProgram.vue","statementMap":{"0":{"start":{"line":35,"column":0},"end":{"line":35,"column":null}},"1":{"start":{"line":37,"column":0},"end":{"line":37,"column":null}},"2":{"start":{"line":41,"column":0},"end":{"line":41,"column":null}},"3":{"start":{"line":55,"column":0},"end":{"line":55,"column":null}},"4":{"start":{"line":1,"column":0},"end":{"line":1,"column":null}}},"fnMap":{"0":{"name":"(anonymous_0)","decl":{"start":{"line":34,"column":0},"end":{"line":34,"column":null}},"loc":{"start":{"line":34,"column":0},"end":{"line":38,"column":null}}},"1":{"name":"(anonymous_1)","decl":{"start":{"line":40,"column":0},"end":{"line":40,"column":null}},"loc":{"start":{"line":40,"column":0},"end":{"line":51,"column":null}}},"2":{"name":"(anonymous_2)","decl":{"start":{"line":54,"column":0},"end":{"line":54,"column":null}},"loc":{"start":{"line":54,"column":0},"end":{"line":59,"column":null}}},"3":{"name":"(anonymous_3)","decl":{"start":{"line":1,"column":0},"end":{"line":1,"column":null}},"loc":{"start":{"line":1,"column":0},"end":{"line":1,"column":null}}}},"branchMap":{"0":{"loc":{"start":{"line":35,"column":0},"end":{"line":35,"column":null}},"type":"if","locations":[{"start":{"line":35,"column":0},"end":{"line":35,"column":null}},{"start":{"line":35,"column":0},"end":{"line":35,"column":null}}]}},"s":{"0":0,"1":0,"2":0,"3":0,"4":0},"f":{"0":0,"1":0,"2":0,"3":0},"b":{"0":[0,0]}}
,"/home/daniil/project/nuxt-now/components/programming/OutputProgram.vue": {"path":"/home/daniil/project/nuxt-now/components/programming/OutputProgram.vue","statementMap":{"0":{"start":{"line":1,"column":0},"end":{"line":1,"column":null}}},"fnMap":{"0":{"name":"(anonymous_0)","decl":{"start":{"line":1,"column":0},"end":{"line":1,"column":null}},"loc":{"start":{"line":1,"column":0},"end":{"line":1,"column":null}}}},"branchMap":{},"s":{"0":0},"f":{"0":0},"b":{}}
,"/home/daniil/project/nuxt-now/components/tests/MultyAnswer.vue": {"path":"/home/daniil/project/nuxt-now/components/tests/MultyAnswer.vue","statementMap":{"0":{"start":{"line":53,"column":0},"end":{"line":53,"column":null}},"1":{"start":{"line":63,"column":0},"end":{"line":63,"column":null}},"2":{"start":{"line":67,"column":0},"end":{"line":67,"column":null}},"3":{"start":{"line":74,"column":0},"end":{"line":76,"column":null}},"4":{"start":{"line":74,"column":0},"end":{"line":74,"column":null}},"5":{"start":{"line":75,"column":0},"end":{"line":75,"column":null}},"6":{"start":{"line":79,"column":0},"end":{"line":79,"column":null}},"7":{"start":{"line":82,"column":0},"end":{"line":82,"column":null}},"8":{"start":{"line":85,"column":0},"end":{"line":85,"column":null}},"9":{"start":{"line":92,"column":0},"end":{"line":92,"column":null}},"10":{"start":{"line":93,"column":0},"end":{"line":93,"column":null}},"11":{"start":{"line":1,"column":0},"end":{"line":1,"column":null}}},"fnMap":{"0":{"name":"(anonymous_0)","decl":{"start":{"line":52,"column":0},"end":{"line":52,"column":null}},"loc":{"start":{"line":52,"column":0},"end":{"line":60,"column":null}}},"1":{"name":"(anonymous_1)","decl":{"start":{"line":62,"column":0},"end":{"line":62,"column":null}},"loc":{"start":{"line":62,"column":0},"end":{"line":72,"column":null}}},"2":{"name":"(anonymous_2)","decl":{"start":{"line":73,"column":0},"end":{"line":73,"column":null}},"loc":{"start":{"line":73,"column":0},"end":{"line":77,"column":null}}},"3":{"name":"(anonymous_3)","decl":{"start":{"line":74,"column":0},"end":{"line":74,"column":null}},"loc":{"start":{"line":74,"column":0},"end":{"line":74,"column":null}}},"4":{"name":"(anonymous_4)","decl":{"start":{"line":78,"column":0},"end":{"line":78,"column":null}},"loc":{"start":{"line":78,"column":0},"end":{"line":80,"column":null}}},"5":{"name":"(anonymous_5)","decl":{"start":{"line":79,"column":0},"end":{"line":79,"column":null}},"loc":{"start":{"line":79,"column":0},"end":{"line":79,"column":null}}},"6":{"name":"(anonymous_6)","decl":{"start":{"line":81,"column":0},"end":{"line":81,"column":null}},"loc":{"start":{"line":81,"column":0},"end":{"line":83,"column":null}}},"7":{"name":"(anonymous_7)","decl":{"start":{"line":82,"column":0},"end":{"line":82,"column":null}},"loc":{"start":{"line":82,"column":0},"end":{"line":82,"column":null}}},"8":{"name":"(anonymous_8)","decl":{"start":{"line":84,"column":0},"end":{"line":84,"column":null}},"loc":{"start":{"line":84,"column":0},"end":{"line":90,"column":null}}},"9":{"name":"(anonymous_9)","decl":{"start":{"line":91,"column":0},"end":{"line":91,"column":null}},"loc":{"start":{"line":91,"column":0},"end":{"line":94,"column":null}}},"10":{"name":"(anonymous_10)","decl":{"start":{"line":92,"column":0},"end":{"line":92,"column":null}},"loc":{"start":{"line":92,"column":0},"end":{"line":92,"column":null}}},"11":{"name":"(anonymous_11)","decl":{"start":{"line":93,"column":0},"end":{"line":93,"column":null}},"loc":{"start":{"line":93,"column":0},"end":{"line":93,"column":null}}},"12":{"name":"(anonymous_12)","decl":{"start":{"line":1,"column":0},"end":{"line":1,"column":null}},"loc":{"start":{"line":1,"column":0},"end":{"line":1,"column":null}}}},"branchMap":{"0":{"loc":{"start":{"line":74,"column":0},"end":{"line":76,"column":null}},"type":"if","locations":[{"start":{"line":74,"column":0},"end":{"line":76,"column":null}},{"start":{"line":74,"column":0},"end":{"line":76,"column":null}}]},"1":{"loc":{"start":{"line":1,"column":0},"end":{"line":1,"column":null}},"type":"cond-expr","locations":[{"start":{"line":1,"column":0},"end":{"line":1,"column":null}},{"start":{"line":1,"column":0},"end":{"line":1,"column":null}}]}},"s":{"0":0,"1":0,"2":0,"3":0,"4":0,"5":0,"6":0,"7":0,"8":0,"9":0,"10":0,"11":0},"f":{"0":0,"1":0,"2":0,"3":0,"4":0,"5":0,"6":0,"7":0,"8":0,"9":0,"10":0,"11":0,"12":0},"b":{"0":[0,0],"1":[0,0]}}
,"/home/daniil/project/nuxt-now/components/tests/MultyAnswerStudent.vue": {"path":"/home/daniil/project/nuxt-now/components/tests/MultyAnswerStudent.vue","statementMap":{"0":{"start":{"line":26,"column":0},"end":{"line":26,"column":null}},"1":{"start":{"line":32,"column":0},"end":{"line":32,"column":null}},"2":{"start":{"line":33,"column":0},"end":{"line":33,"column":null}},"3":{"start":{"line":39,"column":0},"end":{"line":39,"column":null}},"4":{"start":{"line":40,"column":0},"end":{"line":40,"column":null}},"5":{"start":{"line":1,"column":0},"end":{"line":1,"column":null}}},"fnMap":{"0":{"name":"(anonymous_0)","decl":{"start":{"line":25,"column":0},"end":{"line":25,"column":null}},"loc":{"start":{"line":25,"column":0},"end":{"line":29,"column":null}}},"1":{"name":"(anonymous_1)","decl":{"start":{"line":31,"column":0},"end":{"line":31,"column":null}},"loc":{"start":{"line":31,"column":0},"end":{"line":37,"column":null}}},"2":{"name":"(anonymous_2)","decl":{"start":{"line":38,"column":0},"end":{"line":38,"column":null}},"loc":{"start":{"line":38,"column":0},"end":{"line":44,"column":null}}},"3":{"name":"(anonymous_3)","decl":{"start":{"line":39,"column":0},"end":{"line":39,"column":null}},"loc":{"start":{"line":39,"column":0},"end":{"line":39,"column":null}}},"4":{"name":"(anonymous_4)","decl":{"start":{"line":1,"column":0},"end":{"line":1,"column":null}},"loc":{"start":{"line":1,"column":0},"end":{"line":1,"column":null}}}},"branchMap":{"0":{"loc":{"start":{"line":1,"column":0},"end":{"line":1,"column":null}},"type":"cond-expr","locations":[{"start":{"line":1,"column":0},"end":{"line":1,"column":null}},{"start":{"line":1,"column":0},"end":{"line":1,"column":null}}]}},"s":{"0":0,"1":0,"2":0,"3":0,"4":0,"5":0},"f":{"0":0,"1":0,"2":0,"3":0,"4":0},"b":{"0":[0,0]}}
,"/home/daniil/project/nuxt-now/components/tests/OpenAnswer.vue": {"path":"/home/daniil/project/nuxt-now/components/tests/OpenAnswer.vue","statementMap":{"0":{"start":{"line":12,"column":0},"end":{"line":12,"column":null}},"1":{"start":{"line":19,"column":0},"end":{"line":19,"column":null}},"2":{"start":{"line":1,"column":0},"end":{"line":1,"column":null}}},"fnMap":{"0":{"name":"(anonymous_0)","decl":{"start":{"line":11,"column":0},"end":{"line":11,"column":null}},"loc":{"start":{"line":11,"column":0},"end":{"line":15,"column":null}}},"1":{"name":"(anonymous_1)","decl":{"start":{"line":18,"column":0},"end":{"line":18,"column":null}},"loc":{"start":{"line":18,"column":0},"end":{"line":24,"column":null}}},"2":{"name":"(anonymous_2)","decl":{"start":{"line":1,"column":0},"end":{"line":1,"column":null}},"loc":{"start":{"line":1,"column":0},"end":{"line":1,"column":null}}}},"branchMap":{"0":{"loc":{"start":{"line":1,"column":0},"end":{"line":1,"column":null}},"type":"if","locations":[{"start":{"line":1,"column":0},"end":{"line":1,"column":null}},{"start":{"line":1,"column":0},"end":{"line":1,"column":null}}]}},"s":{"0":0,"1":0,"2":0},"f":{"0":0,"1":0,"2":0},"b":{"0":[0,0]}}
,"/home/daniil/project/nuxt-now/components/tests/OpenAnswerStudent.vue": {"path":"/home/daniil/project/nuxt-now/components/tests/OpenAnswerStudent.vue","statementMap":{"0":{"start":{"line":18,"column":0},"end":{"line":18,"column":null}},"1":{"start":{"line":24,"column":0},"end":{"line":24,"column":null}},"2":{"start":{"line":1,"column":0},"end":{"line":1,"column":null}}},"fnMap":{"0":{"name":"(anonymous_0)","decl":{"start":{"line":17,"column":0},"end":{"line":17,"column":null}},"loc":{"start":{"line":17,"column":0},"end":{"line":21,"column":null}}},"1":{"name":"(anonymous_1)","decl":{"start":{"line":23,"column":0},"end":{"line":23,"column":null}},"loc":{"start":{"line":23,"column":0},"end":{"line":28,"column":null}}},"2":{"name":"(anonymous_2)","decl":{"start":{"line":1,"column":0},"end":{"line":1,"column":null}},"loc":{"start":{"line":1,"column":0},"end":{"line":1,"column":null}}}},"branchMap":{},"s":{"0":0,"1":0,"2":0},"f":{"0":0,"1":0,"2":0},"b":{}}
,"/home/daniil/project/nuxt-now/components/tests/SingleTest.vue": {"path":"/home/daniil/project/nuxt-now/components/tests/SingleTest.vue","statementMap":{"0":{"start":{"line":51,"column":0},"end":{"line":51,"column":null}},"1":{"start":{"line":61,"column":0},"end":{"line":61,"column":null}},"2":{"start":{"line":65,"column":0},"end":{"line":65,"column":null}},"3":{"start":{"line":72,"column":0},"end":{"line":72,"column":null}},"4":{"start":{"line":75,"column":0},"end":{"line":75,"column":null}},"5":{"start":{"line":82,"column":0},"end":{"line":82,"column":null}},"6":{"start":{"line":83,"column":0},"end":{"line":83,"column":null}},"7":{"start":{"line":86,"column":0},"end":{"line":86,"column":null}},"8":{"start":{"line":1,"column":0},"end":{"line":1,"column":null}}},"fnMap":{"0":{"name":"(anonymous_0)","decl":{"start":{"line":50,"column":0},"end":{"line":50,"column":null}},"loc":{"start":{"line":50,"column":0},"end":{"line":58,"column":null}}},"1":{"name":"(anonymous_1)","decl":{"start":{"line":60,"column":0},"end":{"line":60,"column":null}},"loc":{"start":{"line":60,"column":0},"end":{"line":70,"column":null}}},"2":{"name":"(anonymous_2)","decl":{"start":{"line":71,"column":0},"end":{"line":71,"column":null}},"loc":{"start":{"line":71,"column":0},"end":{"line":73,"column":null}}},"3":{"name":"(anonymous_3)","decl":{"start":{"line":74,"column":0},"end":{"line":74,"column":null}},"loc":{"start":{"line":74,"column":0},"end":{"line":80,"column":null}}},"4":{"name":"(anonymous_4)","decl":{"start":{"line":81,"column":0},"end":{"line":81,"column":null}},"loc":{"start":{"line":81,"column":0},"end":{"line":84,"column":null}}},"5":{"name":"(anonymous_5)","decl":{"start":{"line":83,"column":0},"end":{"line":83,"column":null}},"loc":{"start":{"line":83,"column":0},"end":{"line":83,"column":null}}},"6":{"name":"(anonymous_6)","decl":{"start":{"line":85,"column":0},"end":{"line":85,"column":null}},"loc":{"start":{"line":85,"column":0},"end":{"line":87,"column":null}}},"7":{"name":"(anonymous_7)","decl":{"start":{"line":1,"column":0},"end":{"line":1,"column":null}},"loc":{"start":{"line":1,"column":0},"end":{"line":1,"column":null}}}},"branchMap":{"0":{"loc":{"start":{"line":82,"column":0},"end":{"line":82,"column":null}},"type":"if","locations":[{"start":{"line":82,"column":0},"end":{"line":82,"column":null}},{"start":{"line":82,"column":0},"end":{"line":82,"column":null}}]},"1":{"loc":{"start":{"line":1,"column":0},"end":{"line":1,"column":null}},"type":"if","locations":[{"start":{"line":1,"column":0},"end":{"line":1,"column":null}},{"start":{"line":1,"column":0},"end":{"line":1,"column":null}}]}},"s":{"0":0,"1":0,"2":0,"3":0,"4":0,"5":0,"6":0,"7":0,"8":0},"f":{"0":0,"1":0,"2":0,"3":0,"4":0,"5":0,"6":0,"7":0},"b":{"0":[0,0],"1":[0,0]}}
,"/home/daniil/project/nuxt-now/components/tests/SingleTestStudent.vue": {"path":"/home/daniil/project/nuxt-now/components/tests/SingleTestStudent.vue","statementMap":{"0":{"start":{"line":26,"column":0},"end":{"line":26,"column":null}},"1":{"start":{"line":32,"column":0},"end":{"line":32,"column":null}},"2":{"start":{"line":33,"column":0},"end":{"line":33,"column":null}},"3":{"start":{"line":39,"column":0},"end":{"line":39,"column":null}},"4":{"start":{"line":40,"column":0},"end":{"line":40,"column":null}},"5":{"start":{"line":1,"column":0},"end":{"line":1,"column":null}}},"fnMap":{"0":{"name":"(anonymous_0)","decl":{"start":{"line":25,"column":0},"end":{"line":25,"column":null}},"loc":{"start":{"line":25,"column":0},"end":{"line":29,"column":null}}},"1":{"name":"(anonymous_1)","decl":{"start":{"line":31,"column":0},"end":{"line":31,"column":null}},"loc":{"start":{"line":31,"column":0},"end":{"line":37,"column":null}}},"2":{"name":"(anonymous_2)","decl":{"start":{"line":38,"column":0},"end":{"line":38,"column":null}},"loc":{"start":{"line":38,"column":0},"end":{"line":44,"column":null}}},"3":{"name":"(anonymous_3)","decl":{"start":{"line":1,"column":0},"end":{"line":1,"column":null}},"loc":{"start":{"line":1,"column":0},"end":{"line":1,"column":null}}}},"branchMap":{"0":{"loc":{"start":{"line":1,"column":0},"end":{"line":1,"column":null}},"type":"cond-expr","locations":[{"start":{"line":1,"column":0},"end":{"line":1,"column":null}},{"start":{"line":1,"column":0},"end":{"line":1,"column":null}}]}},"s":{"0":0,"1":0,"2":0,"3":0,"4":0,"5":0},"f":{"0":0,"1":0,"2":0,"3":0},"b":{"0":[0,0]}}
,"/home/daniil/project/nuxt-now/pages/blockprogram.vue": {"path":"/home/daniil/project/nuxt-now/pages/blockprogram.vue","statementMap":{"0":{"start":{"line":41,"column":0},"end":{"line":41,"column":null}},"1":{"start":{"line":54,"column":0},"end":{"line":54,"column":null}},"2":{"start":{"line":58,"column":0},"end":{"line":58,"column":null}},"3":{"start":{"line":61,"column":0},"end":{"line":61,"column":null}},"4":{"start":{"line":64,"column":0},"end":{"line":64,"column":null}},"5":{"start":{"line":65,"column":0},"end":{"line":65,"column":null}},"6":{"start":{"line":66,"column":0},"end":{"line":66,"column":null}},"7":{"start":{"line":67,"column":0},"end":{"line":67,"column":null}},"8":{"start":{"line":68,"column":0},"end":{"line":68,"column":null}},"9":{"start":{"line":75,"column":0},"end":{"line":75,"column":null}},"10":{"start":{"line":76,"column":0},"end":{"line":76,"column":null}},"11":{"start":{"line":77,"column":0},"end":{"line":77,"column":null}},"12":{"start":{"line":78,"column":0},"end":{"line":78,"column":null}},"13":{"start":{"line":79,"column":0},"end":{"line":79,"column":null}},"14":{"start":{"line":1,"column":0},"end":{"line":1,"column":null}}},"fnMap":{"0":{"name":"(anonymous_0)","decl":{"start":{"line":40,"column":0},"end":{"line":40,"column":null}},"loc":{"start":{"line":40,"column":0},"end":{"line":51,"column":null}}},"1":{"name":"(anonymous_1)","decl":{"start":{"line":52,"column":0},"end":{"line":52,"column":null}},"loc":{"start":{"line":52,"column":0},"end":{"line":55,"column":null}}},"2":{"name":"(anonymous_2)","decl":{"start":{"line":57,"column":0},"end":{"line":57,"column":null}},"loc":{"start":{"line":57,"column":0},"end":{"line":59,"column":null}}},"3":{"name":"(anonymous_3)","decl":{"start":{"line":60,"column":0},"end":{"line":60,"column":null}},"loc":{"start":{"line":60,"column":0},"end":{"line":62,"column":null}}},"4":{"name":"(anonymous_4)","decl":{"start":{"line":63,"column":0},"end":{"line":63,"column":null}},"loc":{"start":{"line":63,"column":0},"end":{"line":80,"column":null}}},"5":{"name":"(anonymous_5)","decl":{"start":{"line":1,"column":0},"end":{"line":1,"column":null}},"loc":{"start":{"line":1,"column":0},"end":{"line":1,"column":null}}}},"branchMap":{"0":{"loc":{"start":{"line":79,"column":0},"end":{"line":79,"column":null}},"type":"if","locations":[{"start":{"line":79,"column":0},"end":{"line":79,"column":null}},{"start":{"line":79,"column":0},"end":{"line":79,"column":null}}]},"1":{"loc":{"start":{"line":1,"column":0},"end":{"line":1,"column":null}},"type":"if","locations":[{"start":{"line":1,"column":0},"end":{"line":1,"column":null}},{"start":{"line":1,"column":0},"end":{"line":1,"column":null}}]}},"s":{"0":0,"1":0,"2":0,"3":0,"4":0,"5":0,"6":0,"7":0,"8":0,"9":0,"10":0,"11":0,"12":0,"13":0,"14":0},"f":{"0":0,"1":0,"2":0,"3":0,"4":0,"5":0},"b":{"0":[0,0],"1":[0,0]}}
,"/home/daniil/project/nuxt-now/pages/index.vue": {"path":"/home/daniil/project/nuxt-now/pages/index.vue","statementMap":{"0":{"start":{"line":15,"column":0},"end":{"line":15,"column":null}},"1":{"start":{"line":19,"column":0},"end":{"line":19,"column":null}},"2":{"start":{"line":22,"column":0},"end":{"line":22,"column":null}},"3":{"start":{"line":25,"column":0},"end":{"line":25,"column":null}},"4":{"start":{"line":1,"column":0},"end":{"line":1,"column":null}}},"fnMap":{"0":{"name":"(anonymous_0)","decl":{"start":{"line":14,"column":0},"end":{"line":14,"column":null}},"loc":{"start":{"line":14,"column":0},"end":{"line":16,"column":null}}},"1":{"name":"(anonymous_1)","decl":{"start":{"line":18,"column":0},"end":{"line":18,"column":null}},"loc":{"start":{"line":18,"column":0},"end":{"line":20,"column":null}}},"2":{"name":"(anonymous_2)","decl":{"start":{"line":21,"column":0},"end":{"line":21,"column":null}},"loc":{"start":{"line":21,"column":0},"end":{"line":23,"column":null}}},"3":{"name":"(anonymous_3)","decl":{"start":{"line":24,"column":0},"end":{"line":24,"column":null}},"loc":{"start":{"line":24,"column":0},"end":{"line":26,"column":null}}},"4":{"name":"(anonymous_4)","decl":{"start":{"line":1,"column":0},"end":{"line":1,"column":null}},"loc":{"start":{"line":1,"column":0},"end":{"line":1,"column":null}}}},"branchMap":{"0":{"loc":{"start":{"line":1,"column":0},"end":{"line":1,"column":null}},"type":"cond-expr","locations":[{"start":{"line":1,"column":0},"end":{"line":1,"column":null}},{"start":{"line":1,"column":0},"end":{"line":1,"column":null}}]}},"s":{"0":0,"1":0,"2":0,"3":0,"4":0},"f":{"0":0,"1":0,"2":0,"3":0,"4":0},"b":{"0":[0,0]}}
,"/home/daniil/project/nuxt-now/pages/login.vue": {"path":"/home/daniil/project/nuxt-now/pages/login.vue","statementMap":{"0":{"start":{"line":22,"column":0},"end":{"line":22,"column":null}},"1":{"start":{"line":33,"column":0},"end":{"line":33,"column":null}},"2":{"start":{"line":1,"column":0},"end":{"line":1,"column":null}}},"fnMap":{"0":{"name":"(anonymous_0)","decl":{"start":{"line":21,"column":0},"end":{"line":21,"column":null}},"loc":{"start":{"line":21,"column":0},"end":{"line":28,"column":null}}},"1":{"name":"(anonymous_1)","decl":{"start":{"line":32,"column":0},"end":{"line":32,"column":null}},"loc":{"start":{"line":32,"column":0},"end":{"line":34,"column":null}}},"2":{"name":"(anonymous_2)","decl":{"start":{"line":1,"column":0},"end":{"line":1,"column":null}},"loc":{"start":{"line":1,"column":0},"end":{"line":1,"column":null}}}},"branchMap":{"0":{"loc":{"start":{"line":1,"column":0},"end":{"line":1,"column":null}},"type":"if","locations":[{"start":{"line":1,"column":0},"end":{"line":1,"column":null}},{"start":{"line":1,"column":0},"end":{"line":1,"column":null}}]}},"s":{"0":0,"1":0,"2":0},"f":{"0":0,"1":0,"2":0},"b":{"0":[0,0]}}
,"/home/daniil/project/nuxt-now/pages/profile.vue": {"path":"/home/daniil/project/nuxt-now/pages/profile.vue","statementMap":{"0":{"start":{"line":1,"column":0},"end":{"line":1,"column":null}}},"fnMap":{"0":{"name":"(anonymous_0)","decl":{"start":{"line":1,"column":0},"end":{"line":1,"column":null}},"loc":{"start":{"line":1,"column":0},"end":{"line":1,"column":null}}}},"branchMap":{},"s":{"0":0},"f":{"0":0},"b":{}}
,"/home/daniil/project/nuxt-now/pages/test.vue": {"path":"/home/daniil/project/nuxt-now/pages/test.vue","statementMap":{"0":{"start":{"line":35,"column":0},"end":{"line":35,"column":null}},"1":{"start":{"line":45,"column":0},"end":{"line":56,"column":null}},"2":{"start":{"line":46,"column":0},"end":{"line":55,"column":null}},"3":{"start":{"line":47,"column":0},"end":{"line":47,"column":null}},"4":{"start":{"line":51,"column":0},"end":{"line":51,"column":null}},"5":{"start":{"line":52,"column":0},"end":{"line":52,"column":null}},"6":{"start":{"line":54,"column":0},"end":{"line":54,"column":null}},"7":{"start":{"line":1,"column":0},"end":{"line":1,"column":null}}},"fnMap":{"0":{"name":"(anonymous_0)","decl":{"start":{"line":34,"column":0},"end":{"line":34,"column":null}},"loc":{"start":{"line":34,"column":0},"end":{"line":41,"column":null}}},"1":{"name":"(anonymous_1)","decl":{"start":{"line":43,"column":0},"end":{"line":43,"column":null}},"loc":{"start":{"line":43,"column":0},"end":{"line":58,"column":null}}},"2":{"name":"(anonymous_2)","decl":{"start":{"line":45,"column":0},"end":{"line":45,"column":null}},"loc":{"start":{"line":45,"column":0},"end":{"line":56,"column":null}}},"3":{"name":"(anonymous_3)","decl":{"start":{"line":1,"column":0},"end":{"line":1,"column":null}},"loc":{"start":{"line":1,"column":0},"end":{"line":1,"column":null}}}},"branchMap":{"0":{"loc":{"start":{"line":46,"column":0},"end":{"line":55,"column":null}},"type":"if","locations":[{"start":{"line":46,"column":0},"end":{"line":55,"column":null}},{"start":{"line":46,"column":0},"end":{"line":55,"column":null}}]},"1":{"loc":{"start":{"line":51,"column":0},"end":{"line":51,"column":null}},"type":"if","locations":[{"start":{"line":51,"column":0},"end":{"line":51,"column":null}},{"start":{"line":51,"column":0},"end":{"line":51,"column":null}}]}},"s":{"0":0,"1":0,"2":0,"3":0,"4":0,"5":0,"6":0,"7":0},"f":{"0":0,"1":0,"2":0,"3":0},"b":{"0":[0,0],"1":[0,0]}}
,"/home/daniil/project/nuxt-now/pages/admininterface/index.vue": {"path":"/home/daniil/project/nuxt-now/pages/admininterface/index.vue","statementMap":{"0":{"start":{"line":12,"column":0},"end":{"line":12,"column":null}},"1":{"start":{"line":1,"column":0},"end":{"line":1,"column":null}}},"fnMap":{"0":{"name":"(anonymous_0)","decl":{"start":{"line":11,"column":0},"end":{"line":11,"column":null}},"loc":{"start":{"line":11,"column":0},"end":{"line":13,"column":null}}},"1":{"name":"(anonymous_1)","decl":{"start":{"line":1,"column":0},"end":{"line":1,"column":null}},"loc":{"start":{"line":1,"column":0},"end":{"line":1,"column":null}}}},"branchMap":{},"s":{"0":0,"1":0},"f":{"0":0,"1":0},"b":{}}
,"/home/daniil/project/nuxt-now/pages/admininterface/programming/attemps/all.vue": {"path":"/home/daniil/project/nuxt-now/pages/admininterface/programming/attemps/all.vue","statementMap":{"0":{"start":{"line":38,"column":0},"end":{"line":38,"column":null}},"1":{"start":{"line":46,"column":0},"end":{"line":46,"column":null}},"2":{"start":{"line":47,"column":0},"end":{"line":47,"column":null}},"3":{"start":{"line":48,"column":0},"end":{"line":48,"column":null}},"4":{"start":{"line":53,"column":0},"end":{"line":53,"column":null}},"5":{"start":{"line":56,"column":0},"end":{"line":56,"column":null}},"6":{"start":{"line":59,"column":0},"end":{"line":59,"column":null}},"7":{"start":{"line":62,"column":0},"end":{"line":62,"column":null}},"8":{"start":{"line":65,"column":0},"end":{"line":65,"column":null}},"9":{"start":{"line":68,"column":0},"end":{"line":68,"column":null}},"10":{"start":{"line":71,"column":0},"end":{"line":71,"column":null}},"11":{"start":{"line":72,"column":0},"end":{"line":72,"column":null}},"12":{"start":{"line":75,"column":0},"end":{"line":75,"column":null}},"13":{"start":{"line":76,"column":0},"end":{"line":76,"column":null}},"14":{"start":{"line":1,"column":0},"end":{"line":1,"column":null}}},"fnMap":{"0":{"name":"(anonymous_0)","decl":{"start":{"line":37,"column":0},"end":{"line":37,"column":null}},"loc":{"start":{"line":37,"column":0},"end":{"line":44,"column":null}}},"1":{"name":"(anonymous_1)","decl":{"start":{"line":45,"column":0},"end":{"line":45,"column":null}},"loc":{"start":{"line":45,"column":0},"end":{"line":49,"column":null}}},"2":{"name":"(anonymous_2)","decl":{"start":{"line":52,"column":0},"end":{"line":52,"column":null}},"loc":{"start":{"line":52,"column":0},"end":{"line":57,"column":null}}},"3":{"name":"(anonymous_3)","decl":{"start":{"line":58,"column":0},"end":{"line":58,"column":null}},"loc":{"start":{"line":58,"column":0},"end":{"line":63,"column":null}}},"4":{"name":"(anonymous_4)","decl":{"start":{"line":64,"column":0},"end":{"line":64,"column":null}},"loc":{"start":{"line":64,"column":0},"end":{"line":69,"column":null}}},"5":{"name":"(anonymous_5)","decl":{"start":{"line":70,"column":0},"end":{"line":70,"column":null}},"loc":{"start":{"line":70,"column":0},"end":{"line":73,"column":null}}},"6":{"name":"(anonymous_6)","decl":{"start":{"line":74,"column":0},"end":{"line":74,"column":null}},"loc":{"start":{"line":74,"column":0},"end":{"line":77,"column":null}}},"7":{"name":"(anonymous_7)","decl":{"start":{"line":1,"column":0},"end":{"line":1,"column":null}},"loc":{"start":{"line":1,"column":0},"end":{"line":1,"column":null}}}},"branchMap":{"0":{"loc":{"start":{"line":62,"column":0},"end":{"line":62,"column":null}},"type":"if","locations":[{"start":{"line":62,"column":0},"end":{"line":62,"column":null}},{"start":{"line":62,"column":0},"end":{"line":62,"column":null}}]},"1":{"loc":{"start":{"line":72,"column":0},"end":{"line":72,"column":null}},"type":"if","locations":[{"start":{"line":72,"column":0},"end":{"line":72,"column":null}},{"start":{"line":72,"column":0},"end":{"line":72,"column":null}}]},"2":{"loc":{"start":{"line":1,"column":0},"end":{"line":1,"column":null}},"type":"cond-expr","locations":[{"start":{"line":1,"column":0},"end":{"line":1,"column":null}},{"start":{"line":1,"column":0},"end":{"line":1,"column":null}}]}},"s":{"0":0,"1":0,"2":0,"3":0,"4":0,"5":0,"6":0,"7":0,"8":0,"9":0,"10":0,"11":0,"12":0,"13":0,"14":0},"f":{"0":0,"1":0,"2":0,"3":0,"4":0,"5":0,"6":0,"7":0},"b":{"0":[0,0],"1":[0,0],"2":[0,0]}}
,"/home/daniil/project/nuxt-now/pages/teacherinterface/index.vue": {"path":"/home/daniil/project/nuxt-now/pages/teacherinterface/index.vue","statementMap":{"0":{"start":{"line":1,"column":0},"end":{"line":1,"column":null}}},"fnMap":{"0":{"name":"(anonymous_0)","decl":{"start":{"line":1,"column":0},"end":{"line":1,"column":null}},"loc":{"start":{"line":1,"column":0},"end":{"line":1,"column":null}}}},"branchMap":{},"s":{"0":0},"f":{"0":0},"b":{}}
,"/home/daniil/project/nuxt-now/pages/teacherinterface/groups/add.vue": {"path":"/home/daniil/project/nuxt-now/pages/teacherinterface/groups/add.vue","statementMap":{"0":{"start":{"line":16,"column":0},"end":{"line":16,"column":null}},"1":{"start":{"line":23,"column":0},"end":{"line":23,"column":null}},"2":{"start":{"line":1,"column":0},"end":{"line":1,"column":null}}},"fnMap":{"0":{"name":"(anonymous_0)","decl":{"start":{"line":15,"column":0},"end":{"line":15,"column":null}},"loc":{"start":{"line":15,"column":0},"end":{"line":19,"column":null}}},"1":{"name":"(anonymous_1)","decl":{"start":{"line":22,"column":0},"end":{"line":22,"column":null}},"loc":{"start":{"line":22,"column":0},"end":{"line":26,"column":null}}},"2":{"name":"(anonymous_2)","decl":{"start":{"line":1,"column":0},"end":{"line":1,"column":null}},"loc":{"start":{"line":1,"column":0},"end":{"line":1,"column":null}}}},"branchMap":{"0":{"loc":{"start":{"line":1,"column":0},"end":{"line":1,"column":null}},"type":"if","locations":[{"start":{"line":1,"column":0},"end":{"line":1,"column":null}},{"start":{"line":1,"column":0},"end":{"line":1,"column":null}}]}},"s":{"0":0,"1":0,"2":0},"f":{"0":0,"1":0,"2":0},"b":{"0":[0,0]}}
,"/home/daniil/project/nuxt-now/pages/teacherinterface/groups/all.vue": {"path":"/home/daniil/project/nuxt-now/pages/teacherinterface/groups/all.vue","statementMap":{"0":{"start":{"line":23,"column":0},"end":{"line":23,"column":null}},"1":{"start":{"line":24,"column":0},"end":{"line":24,"column":null}},"2":{"start":{"line":28,"column":0},"end":{"line":28,"column":null}},"3":{"start":{"line":1,"column":0},"end":{"line":1,"column":null}}},"fnMap":{"0":{"name":"(anonymous_0)","decl":{"start":{"line":22,"column":0},"end":{"line":22,"column":null}},"loc":{"start":{"line":22,"column":0},"end":{"line":25,"column":null}}},"1":{"name":"(anonymous_1)","decl":{"start":{"line":27,"column":0},"end":{"line":27,"column":null}},"loc":{"start":{"line":27,"column":0},"end":{"line":29,"column":null}}},"2":{"name":"(anonymous_2)","decl":{"start":{"line":1,"column":0},"end":{"line":1,"column":null}},"loc":{"start":{"line":1,"column":0},"end":{"line":1,"column":null}}}},"branchMap":{},"s":{"0":0,"1":0,"2":0,"3":0},"f":{"0":0,"1":0,"2":0},"b":{}}
,"/home/daniil/project/nuxt-now/pages/teacherinterface/groups/_group/register.vue": {"path":"/home/daniil/project/nuxt-now/pages/teacherinterface/groups/_group/register.vue","statementMap":{"0":{"start":{"line":28,"column":0},"end":{"line":28,"column":null}},"1":{"start":{"line":37,"column":0},"end":{"line":37,"column":null}},"2":{"start":{"line":43,"column":0},"end":{"line":43,"column":null}},"3":{"start":{"line":47,"column":0},"end":{"line":47,"column":null}},"4":{"start":{"line":52,"column":0},"end":{"line":52,"column":null}},"5":{"start":{"line":1,"column":0},"end":{"line":1,"column":null}}},"fnMap":{"0":{"name":"(anonymous_0)","decl":{"start":{"line":27,"column":0},"end":{"line":27,"column":null}},"loc":{"start":{"line":27,"column":0},"end":{"line":35,"column":null}}},"1":{"name":"(anonymous_1)","decl":{"start":{"line":36,"column":0},"end":{"line":36,"column":null}},"loc":{"start":{"line":36,"column":0},"end":{"line":38,"column":null}}},"2":{"name":"(anonymous_2)","decl":{"start":{"line":42,"column":0},"end":{"line":42,"column":null}},"loc":{"start":{"line":42,"column":0},"end":{"line":44,"column":null}}},"3":{"name":"(anonymous_3)","decl":{"start":{"line":45,"column":0},"end":{"line":45,"column":null}},"loc":{"start":{"line":45,"column":0},"end":{"line":48,"column":null}}},"4":{"name":"(anonymous_4)","decl":{"start":{"line":51,"column":0},"end":{"line":51,"column":null}},"loc":{"start":{"line":51,"column":0},"end":{"line":57,"column":null}}},"5":{"name":"(anonymous_5)","decl":{"start":{"line":1,"column":0},"end":{"line":1,"column":null}},"loc":{"start":{"line":1,"column":0},"end":{"line":1,"column":null}}}},"branchMap":{"0":{"loc":{"start":{"line":1,"column":0},"end":{"line":1,"column":null}},"type":"cond-expr","locations":[{"start":{"line":1,"column":0},"end":{"line":1,"column":null}},{"start":{"line":1,"column":0},"end":{"line":1,"column":null}}]}},"s":{"0":0,"1":0,"2":0,"3":0,"4":0,"5":0},"f":{"0":0,"1":0,"2":0,"3":0,"4":0,"5":0},"b":{"0":[0,0]}}
,"/home/daniil/project/nuxt-now/pages/teacherinterface/groups/_group/users.vue": {"path":"/home/daniil/project/nuxt-now/pages/teacherinterface/groups/_group/users.vue","statementMap":{"0":{"start":{"line":13,"column":0},"end":{"line":13,"column":null}},"1":{"start":{"line":14,"column":0},"end":{"line":14,"column":null}},"2":{"start":{"line":21,"column":0},"end":{"line":21,"column":null}},"3":{"start":{"line":25,"column":0},"end":{"line":25,"column":null}},"4":{"start":{"line":1,"column":0},"end":{"line":1,"column":null}}},"fnMap":{"0":{"name":"(anonymous_0)","decl":{"start":{"line":12,"column":0},"end":{"line":12,"column":null}},"loc":{"start":{"line":12,"column":0},"end":{"line":15,"column":null}}},"1":{"name":"(anonymous_1)","decl":{"start":{"line":19,"column":0},"end":{"line":19,"column":null}},"loc":{"start":{"line":19,"column":0},"end":{"line":22,"column":null}}},"2":{"name":"(anonymous_2)","decl":{"start":{"line":23,"column":0},"end":{"line":23,"column":null}},"loc":{"start":{"line":23,"column":0},"end":{"line":26,"column":null}}},"3":{"name":"(anonymous_3)","decl":{"start":{"line":1,"column":0},"end":{"line":1,"column":null}},"loc":{"start":{"line":1,"column":0},"end":{"line":1,"column":null}}}},"branchMap":{"0":{"loc":{"start":{"line":1,"column":0},"end":{"line":1,"column":null}},"type":"cond-expr","locations":[{"start":{"line":1,"column":0},"end":{"line":1,"column":null}},{"start":{"line":1,"column":0},"end":{"line":1,"column":null}}]}},"s":{"0":0,"1":0,"2":0,"3":0,"4":0},"f":{"0":0,"1":0,"2":0,"3":0},"b":{"0":[0,0]}}
,"/home/daniil/project/nuxt-now/pages/teacherinterface/materials/index.vue": {"path":"/home/daniil/project/nuxt-now/pages/teacherinterface/materials/index.vue","statementMap":{"0":{"start":{"line":1,"column":0},"end":{"line":1,"column":null}}},"fnMap":{"0":{"name":"(anonymous_0)","decl":{"start":{"line":1,"column":0},"end":{"line":1,"column":null}},"loc":{"start":{"line":1,"column":0},"end":{"line":1,"column":null}}}},"branchMap":{},"s":{"0":0},"f":{"0":0},"b":{}}
,"/home/daniil/project/nuxt-now/pages/teacherinterface/materials/blocks/create.vue": {"path":"/home/daniil/project/nuxt-now/pages/teacherinterface/materials/blocks/create.vue","statementMap":{"0":{"start":{"line":23,"column":0},"end":{"line":23,"column":null}},"1":{"start":{"line":27,"column":0},"end":{"line":27,"column":null}},"2":{"start":{"line":31,"column":0},"end":{"line":31,"column":null}},"3":{"start":{"line":42,"column":0},"end":{"line":42,"column":null}},"4":{"start":{"line":45,"column":0},"end":{"line":45,"column":null}},"5":{"start":{"line":48,"column":0},"end":{"line":48,"column":null}},"6":{"start":{"line":51,"column":0},"end":{"line":76,"column":null}},"7":{"start":{"line":51,"column":0},"end":{"line":51,"column":null}},"8":{"start":{"line":51,"column":0},"end":{"line":56,"column":null}},"9":{"start":{"line":62,"column":0},"end":{"line":62,"column":null}},"10":{"start":{"line":67,"column":0},"end":{"line":67,"column":null}},"11":{"start":{"line":69,"column":0},"end":{"line":75,"column":null}},"12":{"start":{"line":70,"column":0},"end":{"line":70,"column":null}},"13":{"start":{"line":1,"column":0},"end":{"line":1,"column":null}}},"fnMap":{"0":{"name":"(anonymous_0)","decl":{"start":{"line":22,"column":0},"end":{"line":22,"column":null}},"loc":{"start":{"line":22,"column":0},"end":{"line":28,"column":null}}},"1":{"name":"(anonymous_1)","decl":{"start":{"line":30,"column":0},"end":{"line":30,"column":null}},"loc":{"start":{"line":30,"column":0},"end":{"line":37,"column":null}}},"2":{"name":"(anonymous_2)","decl":{"start":{"line":41,"column":0},"end":{"line":41,"column":null}},"loc":{"start":{"line":41,"column":0},"end":{"line":43,"column":null}}},"3":{"name":"(anonymous_3)","decl":{"start":{"line":44,"column":0},"end":{"line":44,"column":null}},"loc":{"start":{"line":44,"column":0},"end":{"line":46,"column":null}}},"4":{"name":"(anonymous_4)","decl":{"start":{"line":45,"column":0},"end":{"line":45,"column":null}},"loc":{"start":{"line":45,"column":0},"end":{"line":45,"column":null}}},"5":{"name":"(anonymous_5)","decl":{"start":{"line":47,"column":0},"end":{"line":47,"column":null}},"loc":{"start":{"line":47,"column":0},"end":{"line":49,"column":null}}},"6":{"name":"(anonymous_6)","decl":{"start":{"line":48,"column":0},"end":{"line":48,"column":null}},"loc":{"start":{"line":48,"column":0},"end":{"line":48,"column":null}}},"7":{"name":"(anonymous_7)","decl":{"start":{"line":50,"column":0},"end":{"line":50,"column":null}},"loc":{"start":{"line":50,"column":0},"end":{"line":77,"column":null}}},"8":{"name":"(anonymous_8)","decl":{"start":{"line":1,"column":0},"end":{"line":1,"column":null}},"loc":{"start":{"line":1,"column":0},"end":{"line":1,"column":null}}}},"branchMap":{"0":{"loc":{"start":{"line":27,"column":0},"end":{"line":27,"column":null}},"type":"if","locations":[{"start":{"line":27,"column":0},"end":{"line":27,"column":null}},{"start":{"line":27,"column":0},"end":{"line":27,"column":null}}]},"1":{"loc":{"start":{"line":51,"column":0},"end":{"line":76,"column":null}},"type":"if","locations":[{"start":{"line":51,"column":0},"end":{"line":76,"column":null}},{"start":{"line":51,"column":0},"end":{"line":76,"column":null}}]},"2":{"loc":{"start":{"line":69,"column":0},"end":{"line":75,"column":null}},"type":"if","locations":[{"start":{"line":69,"column":0},"end":{"line":75,"column":null}},{"start":{"line":69,"column":0},"end":{"line":75,"column":null}}]},"3":{"loc":{"start":{"line":1,"column":0},"end":{"line":1,"column":null}},"type":"cond-expr","locations":[{"start":{"line":1,"column":0},"end":{"line":1,"column":null}},{"start":{"line":1,"column":0},"end":{"line":1,"column":null}}]}},"s":{"0":0,"1":0,"2":0,"3":0,"4":0,"5":0,"6":0,"7":0,"8":0,"9":0,"10":0,"11":0,"12":0,"13":0},"f":{"0":0,"1":0,"2":0,"3":0,"4":0,"5":0,"6":0,"7":0,"8":0},"b":{"0":[0,0],"1":[0,0],"2":[0,0],"3":[0,0]}}
,"/home/daniil/project/nuxt-now/pages/teacherinterface/materials/lessons/all.vue": {"path":"/home/daniil/project/nuxt-now/pages/teacherinterface/materials/lessons/all.vue","statementMap":{"0":{"start":{"line":1,"column":0},"end":{"line":1,"column":null}}},"fnMap":{"0":{"name":"(anonymous_0)","decl":{"start":{"line":1,"column":0},"end":{"line":1,"column":null}},"loc":{"start":{"line":1,"column":0},"end":{"line":1,"column":null}}}},"branchMap":{},"s":{"0":0},"f":{"0":0},"b":{}}
,"/home/daniil/project/nuxt-now/pages/teacherinterface/materials/lessons/new.vue": {"path":"/home/daniil/project/nuxt-now/pages/teacherinterface/materials/lessons/new.vue","statementMap":{"0":{"start":{"line":38,"column":0},"end":{"line":38,"column":null}},"1":{"start":{"line":1,"column":0},"end":{"line":1,"column":null}}},"fnMap":{"0":{"name":"(anonymous_0)","decl":{"start":{"line":37,"column":0},"end":{"line":37,"column":null}},"loc":{"start":{"line":37,"column":0},"end":{"line":63,"column":null}}},"1":{"name":"(anonymous_1)","decl":{"start":{"line":1,"column":0},"end":{"line":1,"column":null}},"loc":{"start":{"line":1,"column":0},"end":{"line":1,"column":null}}}},"branchMap":{"0":{"loc":{"start":{"line":1,"column":0},"end":{"line":1,"column":null}},"type":"if","locations":[{"start":{"line":1,"column":0},"end":{"line":1,"column":null}},{"start":{"line":1,"column":0},"end":{"line":1,"column":null}}]}},"s":{"0":0,"1":0},"f":{"0":0,"1":0},"b":{"0":[0,0]}}
,"/home/daniil/project/nuxt-now/pages/teacherinterface/materials/materials/add.vue": {"path":"/home/daniil/project/nuxt-now/pages/teacherinterface/materials/materials/add.vue","statementMap":{"0":{"start":{"line":18,"column":0},"end":{"line":18,"column":null}},"1":{"start":{"line":41,"column":0},"end":{"line":41,"column":null}},"2":{"start":{"line":46,"column":0},"end":{"line":46,"column":null}},"3":{"start":{"line":1,"column":0},"end":{"line":1,"column":null}}},"fnMap":{"0":{"name":"(anonymous_0)","decl":{"start":{"line":17,"column":0},"end":{"line":17,"column":null}},"loc":{"start":{"line":17,"column":0},"end":{"line":35,"column":null}}},"1":{"name":"(anonymous_1)","decl":{"start":{"line":36,"column":0},"end":{"line":36,"column":null}},"loc":{"start":{"line":36,"column":0},"end":{"line":36,"column":null}}},"2":{"name":"(anonymous_2)","decl":{"start":{"line":40,"column":0},"end":{"line":40,"column":null}},"loc":{"start":{"line":40,"column":0},"end":{"line":48,"column":null}}},"3":{"name":"(anonymous_3)","decl":{"start":{"line":1,"column":0},"end":{"line":1,"column":null}},"loc":{"start":{"line":1,"column":0},"end":{"line":1,"column":null}}}},"branchMap":{"0":{"loc":{"start":{"line":1,"column":0},"end":{"line":1,"column":null}},"type":"cond-expr","locations":[{"start":{"line":1,"column":0},"end":{"line":1,"column":null}},{"start":{"line":1,"column":0},"end":{"line":1,"column":null}}]}},"s":{"0":0,"1":0,"2":0,"3":0},"f":{"0":0,"1":0,"2":0,"3":0},"b":{"0":[0,0]}}
,"/home/daniil/project/nuxt-now/pages/teacherinterface/materials/programming/newtask.vue": {"path":"/home/daniil/project/nuxt-now/pages/teacherinterface/materials/programming/newtask.vue","statementMap":{"0":{"start":{"line":49,"column":0},"end":{"line":49,"column":null}},"1":{"start":{"line":64,"column":0},"end":{"line":79,"column":null}},"2":{"start":{"line":65,"column":0},"end":{"line":78,"column":null}},"3":{"start":{"line":66,"column":0},"end":{"line":66,"column":null}},"4":{"start":{"line":71,"column":0},"end":{"line":71,"column":null}},"5":{"start":{"line":72,"column":0},"end":{"line":75,"column":null}},"6":{"start":{"line":73,"column":0},"end":{"line":73,"column":null}},"7":{"start":{"line":74,"column":0},"end":{"line":74,"column":null}},"8":{"start":{"line":77,"column":0},"end":{"line":77,"column":null}},"9":{"start":{"line":83,"column":0},"end":{"line":83,"column":null}},"10":{"start":{"line":87,"column":0},"end":{"line":87,"column":null}},"11":{"start":{"line":90,"column":0},"end":{"line":90,"column":null}},"12":{"start":{"line":1,"column":0},"end":{"line":1,"column":null}}},"fnMap":{"0":{"name":"(anonymous_0)","decl":{"start":{"line":48,"column":0},"end":{"line":48,"column":null}},"loc":{"start":{"line":48,"column":0},"end":{"line":60,"column":null}}},"1":{"name":"(anonymous_1)","decl":{"start":{"line":62,"column":0},"end":{"line":62,"column":null}},"loc":{"start":{"line":62,"column":0},"end":{"line":81,"column":null}}},"2":{"name":"(anonymous_2)","decl":{"start":{"line":64,"column":0},"end":{"line":64,"column":null}},"loc":{"start":{"line":64,"column":0},"end":{"line":79,"column":null}}},"3":{"name":"(anonymous_3)","decl":{"start":{"line":82,"column":0},"end":{"line":82,"column":null}},"loc":{"start":{"line":82,"column":0},"end":{"line":84,"column":null}}},"4":{"name":"(anonymous_4)","decl":{"start":{"line":85,"column":0},"end":{"line":85,"column":null}},"loc":{"start":{"line":85,"column":0},"end":{"line":88,"column":null}}},"5":{"name":"(anonymous_5)","decl":{"start":{"line":89,"column":0},"end":{"line":89,"column":null}},"loc":{"start":{"line":89,"column":0},"end":{"line":91,"column":null}}},"6":{"name":"(anonymous_6)","decl":{"start":{"line":1,"column":0},"end":{"line":1,"column":null}},"loc":{"start":{"line":1,"column":0},"end":{"line":1,"column":null}}}},"branchMap":{"0":{"loc":{"start":{"line":65,"column":0},"end":{"line":78,"column":null}},"type":"if","locations":[{"start":{"line":65,"column":0},"end":{"line":78,"column":null}},{"start":{"line":65,"column":0},"end":{"line":78,"column":null}}]},"1":{"loc":{"start":{"line":71,"column":0},"end":{"line":71,"column":null}},"type":"if","locations":[{"start":{"line":71,"column":0},"end":{"line":71,"column":null}},{"start":{"line":71,"column":0},"end":{"line":71,"column":null}}]},"2":{"loc":{"start":{"line":72,"column":0},"end":{"line":75,"column":null}},"type":"if","locations":[{"start":{"line":72,"column":0},"end":{"line":75,"column":null}},{"start":{"line":72,"column":0},"end":{"line":75,"column":null}}]},"3":{"loc":{"start":{"line":1,"column":0},"end":{"line":1,"column":null}},"type":"cond-expr","locations":[{"start":{"line":1,"column":0},"end":{"line":1,"column":null}},{"start":{"line":1,"column":0},"end":{"line":1,"column":null}}]}},"s":{"0":0,"1":0,"2":0,"3":0,"4":0,"5":0,"6":0,"7":0,"8":0,"9":0,"10":0,"11":0,"12":0},"f":{"0":0,"1":0,"2":0,"3":0,"4":0,"5":0,"6":0},"b":{"0":[0,0],"1":[0,0],"2":[0,0],"3":[0,0]}}
[...]
,"/home/daniil/project/nuxt-now/pages/teacherinterface/materials/tests/create.vue": {"path":"/home/daniil/project/nuxt-now/pages/teacherinterface/materials/tests/create.vue","statementMap":{"0":{"start":{"line":32,"column":0},"end":{"line":32,"column":null}},"1":{"start":{"line":52,"column":0},"end":{"line":52,"column":null}},"2":{"start":{"line":55,"column":0},"end":{"line":55,"column":null}},"3":{"start":{"line":1,"column":0},"end":{"line":1,"column":null}}},"fnMap":{"0":{"name":"(anonymous_0)","decl":{"start":{"line":31,"column":0},"end":{"line":31,"column":null}},"loc":{"start":{"line":31,"column":0},"end":{"line":47,"column":null}}},"1":{"name":"(anonymous_1)","decl":{"start":{"line":50,"column":0},"end":{"line":50,"column":null}},"loc":{"start":{"line":50,"column":0},"end":{"line":62,"column":null}}},"2":{"name":"(anonymous_2)","decl":{"start":{"line":1,"column":0},"end":{"line":1,"column":null}},"loc":{"start":{"line":1,"column":0},"end":{"line":1,"column":null}}}},"branchMap":{"0":{"loc":{"start":{"line":52,"column":0},"end":{"line":52,"column":null}},"type":"if","locations":[{"start":{"line":52,"column":0},"end":{"line":52,"column":null}},{"start":{"line":52,"column":0},"end":{"line":52,"column":null}}]},"1":{"loc":{"start":{"line":1,"column":0},"end":{"line":1,"column":null}},"type":"cond-expr","locations":[{"start":{"line":1,"column":0},"end":{"line":1,"column":null}},{"start":{"line":1,"column":0},"end":{"line":1,"column":null}}]}},"s":{"0":0,"1":0,"2":0,"3":0},"f":{"0":0,"1":0,"2":0},"b":{"0":[0,0],"1":[0,0]}}
,"/home/daniil/project/nuxt-now/pages/userinterface/index.vue": {"path":"/home/daniil/project/nuxt-now/pages/userinterface/index.vue","statementMap":{"0":{"start":{"line":23,"column":0},"end":{"line":23,"column":null}},"1":{"start":{"line":29,"column":0},"end":{"line":29,"column":null}},"2":{"start":{"line":38,"column":0},"end":{"line":38,"column":null}},"3":{"start":{"line":1,"column":0},"end":{"line":1,"column":null}}},"fnMap":{"0":{"name":"(anonymous_0)","decl":{"start":{"line":22,"column":0},"end":{"line":22,"column":null}},"loc":{"start":{"line":22,"column":0},"end":{"line":24,"column":null}}},"1":{"name":"(anonymous_1)","decl":{"start":{"line":27,"column":0},"end":{"line":27,"column":null}},"loc":{"start":{"line":27,"column":0},"end":{"line":30,"column":null}}},"2":{"name":"(anonymous_2)","decl":{"start":{"line":37,"column":0},"end":{"line":37,"column":null}},"loc":{"start":{"line":37,"column":0},"end":{"line":39,"column":null}}},"3":{"name":"(anonymous_3)","decl":{"start":{"line":1,"column":0},"end":{"line":1,"column":null}},"loc":{"start":{"line":1,"column":0},"end":{"line":1,"column":null}}}},"branchMap":{"0":{"loc":{"start":{"line":1,"column":0},"end":{"line":1,"column":null}},"type":"cond-expr","locations":[{"start":{"line":1,"column":0},"end":{"line":1,"column":null}},{"start":{"line":1,"column":0},"end":{"line":1,"column":null}}]}},"s":{"0":0,"1":0,"2":0,"3":0},"f":{"0":0,"1":0,"2":0,"3":0},"b":{"0":[0,0]}}
,"/home/daniil/project/nuxt-now/pages/userinterface/programming/_id.vue": {"path":"/home/daniil/project/nuxt-now/pages/userinterface/programming/_id.vue","statementMap":{"0":{"start":{"line":127,"column":0},"end":{"line":127,"column":null}},"1":{"start":{"line":133,"column":0},"end":{"line":133,"column":null}},"2":{"start":{"line":134,"column":0},"end":{"line":134,"column":null}},"3":{"start":{"line":135,"column":0},"end":{"line":135,"column":null}},"4":{"start":{"line":136,"column":0},"end":{"line":136,"column":null}},"5":{"start":{"line":140,"column":0},"end":{"line":140,"column":null}},"6":{"start":{"line":143,"column":0},"end":{"line":143,"column":null}},"7":{"start":{"line":148,"column":0},"end":{"line":148,"column":null}},"8":{"start":{"line":151,"column":0},"end":{"line":151,"column":null}},"9":{"start":{"line":155,"column":0},"end":{"line":155,"column":null}},"10":{"start":{"line":171,"column":0},"end":{"line":171,"column":null}},"11":{"start":{"line":177,"column":0},"end":{"line":177,"column":null}},"12":{"start":{"line":183,"column":0},"end":{"line":183,"column":null}},"13":{"start":{"line":187,"column":0},"end":{"line":187,"column":null}},"14":{"start":{"line":191,"column":0},"end":{"line":191,"column":null}},"15":{"start":{"line":194,"column":0},"end":{"line":194,"column":null}},"16":{"start":{"line":195,"column":0},"end":{"line":198,"column":null}},"17":{"start":{"line":196,"column":0},"end":{"line":196,"column":null}},"18":{"start":{"line":197,"column":0},"end":{"line":197,"column":null}},"19":{"start":{"line":202,"column":0},"end":{"line":210,"column":null}},"20":{"start":{"line":203,"column":0},"end":{"line":203,"column":null}},"21":{"start":{"line":205,"column":0},"end":{"line":209,"column":null}},"22":{"start":{"line":206,"column":0},"end":{"line":208,"column":null}},"23":{"start":{"line":207,"column":0},"end":{"line":207,"column":null}},"24":{"start":{"line":208,"column":0},"end":{"line":208,"column":null}},"25":{"start":{"line":214,"column":0},"end":{"line":214,"column":null}},"26":{"start":{"line":217,"column":0},"end":{"line":225,"column":null}},"27":{"start":{"line":218,"column":0},"end":{"line":218,"column":null}},"28":{"start":{"line":219,"column":0},"end":{"line":225,"column":null}},"29":{"start":{"line":220,"column":0},"end":{"line":220,"column":null}},"30":{"start":{"line":222,"column":0},"end":{"line":222,"column":null}},"31":{"start":{"line":229,"column":0},"end":{"line":235,"column":null}},"32":{"start":{"line":230,"column":0},"end":{"line":234,"column":null}},"33":{"start":{"line":231,"column":0},"end":{"line":231,"column":null}},"34":{"start":{"line":233,"column":0},"end":{"line":233,"column":null}},"35":{"start":{"line":239,"column":0},"end":{"line":239,"column":null}},"36":{"start":{"line":246,"column":0},"end":{"line":246,"column":null}},"37":{"start":{"line":1,"column":0},"end":{"line":1,"column":null}}},"fnMap":{"0":{"name":"(anonymous_0)","decl":{"start":{"line":126,"column":0},"end":{"line":126,"column":null}},"loc":{"start":{"line":126,"column":0},"end":{"line":137,"column":null}}},"1":{"name":"(anonymous_1)","decl":{"start":{"line":139,"column":0},"end":{"line":139,"column":null}},"loc":{"start":{"line":139,"column":0},"end":{"line":141,"column":null}}},"2":{"name":"(anonymous_2)","decl":{"start":{"line":142,"column":0},"end":{"line":142,"column":null}},"loc":{"start":{"line":142,"column":0},"end":{"line":146,"column":null}}},"3":{"name":"(anonymous_3)","decl":{"start":{"line":147,"column":0},"end":{"line":147,"column":null}},"loc":{"start":{"line":147,"column":0},"end":{"line":149,"column":null}}},"4":{"name":"(anonymous_4)","decl":{"start":{"line":150,"column":0},"end":{"line":150,"column":null}},"loc":{"start":{"line":150,"column":0},"end":{"line":152,"column":null}}},"5":{"name":"(anonymous_5)","decl":{"start":{"line":154,"column":0},"end":{"line":154,"column":null}},"loc":{"start":{"line":154,"column":0},"end":{"line":168,"column":null}}},"6":{"name":"(anonymous_6)","decl":{"start":{"line":170,"column":0},"end":{"line":170,"column":null}},"loc":{"start":{"line":170,"column":0},"end":{"line":175,"column":null}}},"7":{"name":"(anonymous_7)","decl":{"start":{"line":176,"column":0},"end":{"line":176,"column":null}},"loc":{"start":{"line":176,"column":0},"end":{"line":185,"column":null}}},"8":{"name":"(anonymous_8)","decl":{"start":{"line":186,"column":0},"end":{"line":186,"column":null}},"loc":{"start":{"line":186,"column":0},"end":{"line":192,"column":null}}},"9":{"name":"(anonymous_9)","decl":{"start":{"line":193,"column":0},"end":{"line":193,"column":null}},"loc":{"start":{"line":193,"column":0},"end":{"line":199,"column":null}}},"10":{"name":"(anonymous_10)","decl":{"start":{"line":194,"column":0},"end":{"line":194,"column":null}},"loc":{"start":{"line":194,"column":0},"end":{"line":194,"column":null}}},"11":{"name":"(anonymous_11)","decl":{"start":{"line":200,"column":0},"end":{"line":200,"column":null}},"loc":{"start":{"line":200,"column":0},"end":{"line":212,"column":null}}},"12":{"name":"(anonymous_12)","decl":{"start":{"line":213,"column":0},"end":{"line":213,"column":null}},"loc":{"start":{"line":213,"column":0},"end":{"line":215,"column":null}}},"13":{"name":"(anonymous_13)","decl":{"start":{"line":216,"column":0},"end":{"line":216,"column":null}},"loc":{"start":{"line":216,"column":0},"end":{"line":226,"column":null}}},"14":{"name":"(anonymous_14)","decl":{"start":{"line":228,"column":0},"end":{"line":228,"column":null}},"loc":{"start":{"line":228,"column":0},"end":{"line":236,"column":null}}},"15":{"name":"(anonymous_15)","decl":{"start":{"line":238,"column":0},"end":{"line":238,"column":null}},"loc":{"start":{"line":238,"column":0},"end":{"line":243,"column":null}}},"16":{"name":"(anonymous_16)","decl":{"start":{"line":245,"column":0},"end":{"line":245,"column":null}},"loc":{"start":{"line":245,"column":0},"end":{"line":247,"column":null}}},"17":{"name":"(anonymous_17)","decl":{"start":{"line":1,"column":0},"end":{"line":1,"column":null}},"loc":{"start":{"line":1,"column":0},"end":{"line":1,"column":null}}}},"branchMap":{"0":{"loc":{"start":{"line":143,"column":0},"end":{"line":143,"column":null}},"type":"if","locations":[{"start":{"line":143,"column":0},"end":{"line":143,"column":null}},{"start":{"line":143,"column":0},"end":{"line":143,"column":null}}]},"1":{"loc":{"start":{"line":194,"column":0},"end":{"line":194,"column":null}},"type":"binary-expr","locations":[{"start":{"line":194,"column":0},"end":{"line":194,"column":null}},{"start":{"line":194,"column":0},"end":{"line":194,"column":null}}]},"2":{"loc":{"start":{"line":195,"column":0},"end":{"line":198,"column":null}},"type":"if","locations":[{"start":{"line":195,"column":0},"end":{"line":198,"column":null}},{"start":{"line":195,"column":0},"end":{"line":198,"column":null}}]},"3":{"loc":{"start":{"line":202,"column":0},"end":{"line":210,"column":null}},"type":"if","locations":[{"start":{"line":202,"column":0},"end":{"line":210,"column":null}},{"start":{"line":202,"column":0},"end":{"line":210,"column":null}}]},"4":{"loc":{"start":{"line":202,"column":0},"end":{"line":202,"column":null}},"type":"binary-expr","locations":[{"start":{"line":202,"column":0},"end":{"line":202,"column":null}},{"start":{"line":202,"column":0},"end":{"line":202,"column":null}}]},"5":{"loc":{"start":{"line":205,"column":0},"end":{"line":209,"column":null}},"type":"if","locations":[{"start":{"line":205,"column":0},"end":{"line":209,"column":null}},{"start":{"line":205,"column":0},"end":{"line":209,"column":null}}]},"6":{"loc":{"start":{"line":206,"column":0},"end":{"line":208,"column":null}},"type":"if","locations":[{"start":{"line":206,"column":0},"end":{"line":208,"column":null}},{"start":{"line":206,"column":0},"end":{"line":208,"column":null}}]},"7":{"loc":{"start":{"line":206,"column":0},"end":{"line":206,"column":null}},"type":"binary-expr","locations":[{"start":{"line":206,"column":0},"end":{"line":206,"column":null}},{"start":{"line":206,"column":0},"end":{"line":206,"column":null}},{"start":{"line":206,"column":0},"end":{"line":206,"column":null}}]},"8":{"loc":{"start":{"line":217,"column":0},"end":{"line":225,"column":null}},"type":"if","locations":[{"start":{"line":217,"column":0},"end":{"line":225,"column":null}},{"start":{"line":217,"column":0},"end":{"line":225,"column":null}}]},"9":{"loc":{"start":{"line":219,"column":0},"end":{"line":225,"column":null}},"type":"if","locations":[{"start":{"line":219,"column":0},"end":{"line":225,"column":null}},{"start":{"line":219,"column":0},"end":{"line":225,"column":null}}]},"10":{"loc":{"start":{"line":222,"column":0},"end":{"line":222,"column":null}},"type":"if","locations":[{"start":{"line":222,"column":0},"end":{"line":222,"column":null}},{"start":{"line":222,"column":0},"end":{"line":222,"column":null}}]},"11":{"loc":{"start":{"line":229,"column":0},"end":{"line":235,"column":null}},"type":"if","locations":[{"start":{"line":229,"column":0},"end":{"line":235,"column":null}},{"start":{"line":229,"column":0},"end":{"line":235,"column":null}}]},"12":{"loc":{"start":{"line":230,"column":0},"end":{"line":234,"column":null}},"type":"if","locations":[{"start":{"line":230,"column":0},"end":{"line":234,"column":null}},{"start":{"line":230,"column":0},"end":{"line":234,"column":null}}]},"13":{"loc":{"start":{"line":230,"column":0},"end":{"line":230,"column":null}},"type":"binary-expr","locations":[{"start":{"line":230,"column":0},"end":{"line":230,"column":null}},{"start":{"line":230,"column":0},"end":{"line":230,"column":null}}]},"14":{"loc":{"start":{"line":1,"column":0},"end":{"line":1,"column":null}},"type":"cond-expr","locations":[{"start":{"line":1,"column":0},"end":{"line":1,"column":null}},{"start":{"line":1,"column":0},"end":{"line":1,"column":null}}]}},"s":{"0":0,"1":0,"2":0,"3":0,"4":0,"5":0,"6":0,"7":0,"8":0,"9":0,"10":0,"11":0,"12":0,"13":0,"14":0,"15":0,"16":0,"17":0,"18":0,"19":0,"20":0,"21":0,"22":0,"23":0,"24":0,"25":0,"26":0,"27":0,"28":0,"29":0,"30":0,"31":0,"32":0,"33":0,"34":0,"35":0,"36":0,"37":0},"f":{"0":0,"1":0,"2":0,"3":0,"4":0,"5":0,"6":0,"7":0,"8":0,"9":0,"10":0,"11":0,"12":0,"13":0,"14":0,"15":0,"16":0,"17":0},"b":{"0":[0,0],"1":[0,0],"2":[0,0],"3":[0,0],"4":[0,0],"5":[0,0],"6":[0,0],"7":[0,0,0],"8":[0,0],"9":[0,0],"10":[0,0],"11":[0,0],"12":[0,0],"13":[0,0],"14":[0,0]}}
,"/home/daniil/project/nuxt-now/pages/userinterface/programming/index.vue": {"path":"/home/daniil/project/nuxt-now/pages/userinterface/programming/index.vue","statementMap":{"0":{"start":{"line":1,"column":0},"end":{"line":1,"column":null}}},"fnMap":{"0":{"name":"(anonymous_0)","decl":{"start":{"line":1,"column":0},"end":{"line":1,"column":null}},"loc":{"start":{"line":1,"column":0},"end":{"line":1,"column":null}}}},"branchMap":{},"s":{"0":0},"f":{"0":0},"b":{}}
,"/home/daniil/project/nuxt-now/pages/userinterface/programming/verdict/_id.vue": {"path":"/home/daniil/project/nuxt-now/pages/userinterface/programming/verdict/_id.vue","statementMap":{"0":{"start":{"line":44,"column":0},"end":{"line":44,"column":null}},"1":{"start":{"line":47,"column":0},"end":{"line":47,"column":null}},"2":{"start":{"line":48,"column":0},"end":{"line":48,"column":null}},"3":{"start":{"line":49,"column":0},"end":{"line":49,"column":null}},"4":{"start":{"line":52,"column":0},"end":{"line":52,"column":null}},"5":{"start":{"line":60,"column":0},"end":{"line":60,"column":null}},"6":{"start":{"line":68,"column":0},"end":{"line":68,"column":null}},"7":{"start":{"line":71,"column":0},"end":{"line":75,"column":null}},"8":{"start":{"line":72,"column":0},"end":{"line":72,"column":null}},"9":{"start":{"line":74,"column":0},"end":{"line":74,"column":null}},"10":{"start":{"line":78,"column":0},"end":{"line":78,"column":null}},"11":{"start":{"line":79,"column":0},"end":{"line":79,"column":null}},"12":{"start":{"line":80,"column":0},"end":{"line":80,"column":null}},"13":{"start":{"line":81,"column":0},"end":{"line":81,"column":null}},"14":{"start":{"line":84,"column":0},"end":{"line":84,"column":null}},"15":{"start":{"line":85,"column":0},"end":{"line":85,"column":null}},"16":{"start":{"line":86,"column":0},"end":{"line":86,"column":null}},"17":{"start":{"line":87,"column":0},"end":{"line":87,"column":null}},"18":{"start":{"line":1,"column":0},"end":{"line":1,"column":null}}},"fnMap":{"0":{"name":"(anonymous_0)","decl":{"start":{"line":43,"column":0},"end":{"line":43,"column":null}},"loc":{"start":{"line":43,"column":0},"end":{"line":50,"column":null}}},"1":{"name":"(anonymous_1)","decl":{"start":{"line":51,"column":0},"end":{"line":51,"column":null}},"loc":{"start":{"line":51,"column":0},"end":{"line":57,"column":null}}},"2":{"name":"(anonymous_2)","decl":{"start":{"line":59,"column":0},"end":{"line":59,"column":null}},"loc":{"start":{"line":59,"column":0},"end":{"line":63,"column":null}}},"3":{"name":"(anonymous_3)","decl":{"start":{"line":67,"column":0},"end":{"line":67,"column":null}},"loc":{"start":{"line":67,"column":0},"end":{"line":69,"column":null}}},"4":{"name":"(anonymous_4)","decl":{"start":{"line":70,"column":0},"end":{"line":70,"column":null}},"loc":{"start":{"line":70,"column":0},"end":{"line":76,"column":null}}},"5":{"name":"(anonymous_5)","decl":{"start":{"line":77,"column":0},"end":{"line":77,"column":null}},"loc":{"start":{"line":77,"column":0},"end":{"line":88,"column":null}}},"6":{"name":"(anonymous_6)","decl":{"start":{"line":1,"column":0},"end":{"line":1,"column":null}},"loc":{"start":{"line":1,"column":0},"end":{"line":1,"column":null}}}},"branchMap":{"0":{"loc":{"start":{"line":60,"column":0},"end":{"line":60,"column":null}},"type":"if","locations":[{"start":{"line":60,"column":0},"end":{"line":60,"column":null}},{"start":{"line":60,"column":0},"end":{"line":60,"column":null}}]},"1":{"loc":{"start":{"line":71,"column":0},"end":{"line":75,"column":null}},"type":"if","locations":[{"start":{"line":71,"column":0},"end":{"line":75,"column":null}},{"start":{"line":71,"column":0},"end":{"line":75,"column":null}}]},"2":{"loc":{"start":{"line":81,"column":0},"end":{"line":81,"column":null}},"type":"if","locations":[{"start":{"line":81,"column":0},"end":{"line":81,"column":null}},{"start":{"line":81,"column":0},"end":{"line":81,"column":null}}]},"3":{"loc":{"start":{"line":1,"column":0},"end":{"line":1,"column":null}},"type":"cond-expr","locations":[{"start":{"line":1,"column":0},"end":{"line":1,"column":null}},{"start":{"line":1,"column":0},"end":{"line":1,"column":null}}]}},"s":{"0":0,"1":0,"2":0,"3":0,"4":0,"5":0,"6":0,"7":0,"8":0,"9":0,"10":0,"11":0,"12":0,"13":0,"14":0,"15":0,"16":0,"17":0,"18":0},"f":{"0":0,"1":0,"2":0,"3":0,"4":0,"5":0,"6":0},"b":{"0":[0,0],"1":[0,0],"2":[0,0],"3":[0,0]}}
,"/home/daniil/project/nuxt-now/pages/userinterface/tests/_id.vue": {"path":"/home/daniil/project/nuxt-now/pages/userinterface/tests/_id.vue","statementMap":{"0":{"start":{"line":35,"column":0},"end":{"line":35,"column":null}},"1":{"start":{"line":40,"column":0},"end":{"line":40,"column":null}},"2":{"start":{"line":42,"column":0},"end":{"line":42,"column":null}},"3":{"start":{"line":46,"column":0},"end":{"line":46,"column":null}},"4":{"start":{"line":55,"column":0},"end":{"line":55,"column":null}},"5":{"start":{"line":58,"column":0},"end":{"line":58,"column":null}},"6":{"start":{"line":62,"column":0},"end":{"line":62,"column":null}},"7":{"start":{"line":1,"column":0},"end":{"line":1,"column":null}}},"fnMap":{"0":{"name":"(anonymous_0)","decl":{"start":{"line":34,"column":0},"end":{"line":34,"column":null}},"loc":{"start":{"line":34,"column":0},"end":{"line":43,"column":null}}},"1":{"name":"(anonymous_1)","decl":{"start":{"line":45,"column":0},"end":{"line":45,"column":null}},"loc":{"start":{"line":45,"column":0},"end":{"line":50,"column":null}}},"2":{"name":"(anonymous_2)","decl":{"start":{"line":54,"column":0},"end":{"line":54,"column":null}},"loc":{"start":{"line":54,"column":0},"end":{"line":56,"column":null}}},"3":{"name":"(anonymous_3)","decl":{"start":{"line":57,"column":0},"end":{"line":57,"column":null}},"loc":{"start":{"line":57,"column":0},"end":{"line":63,"column":null}}},"4":{"name":"(anonymous_4)","decl":{"start":{"line":1,"column":0},"end":{"line":1,"column":null}},"loc":{"start":{"line":1,"column":0},"end":{"line":1,"column":null}}}},"branchMap":{"0":{"loc":{"start":{"line":40,"column":0},"end":{"line":40,"column":null}},"type":"if","locations":[{"start":{"line":40,"column":0},"end":{"line":40,"column":null}},{"start":{"line":40,"column":0},"end":{"line":40,"column":null}}]},"1":{"loc":{"start":{"line":1,"column":0},"end":{"line":1,"column":null}},"type":"cond-expr","locations":[{"start":{"line":1,"column":0},"end":{"line":1,"column":null}},{"start":{"line":1,"column":0},"end":{"line":1,"column":null}}]}},"s":{"0":0,"1":0,"2":0,"3":0,"4":0,"5":0,"6":0,"7":0},"f":{"0":0,"1":0,"2":0,"3":0,"4":0},"b":{"0":[0,0],"1":[0,0]}}
}
